<?xml version="1.0" encoding="UTF-8"?>
<TestRun id="a094bdc3-2870-4636-8e28-93167cee8adf" name="v-sothon@MININT-SNSLVOM 2013-06-06 23:47:57" runUser="FAREAST\v-sothon" xmlns="http://microsoft.com/schemas/VisualStudio/TeamTest/2010">
  <TestSettings name="Default Test Settings" id="7ffe0c50-476f-4aca-b857-0d80fd303e57">
    <Deployment userDeploymentRoot="C:\Users\v-sothon\Desktop\testEnv\PROD\testresults" useDefaultDeploymentRoot="false" runDeploymentRoot="v-sothon_MININT-SNSLVOM 2013-06-06 23_47_57" />
    <Execution>
      <TestTypeSpecific />
      <AgentRule name="Execution Agents">
      </AgentRule>
    </Execution>
  </TestSettings>
  <Times creation="2013-06-06T23:47:57.0808180+05:30" queuing="2013-06-06T23:47:57.2208736+05:30" start="2013-06-06T23:47:57.2578331+05:30" finish="2013-06-06T23:54:41.5131064+05:30" />
  <ResultSummary outcome="Failed">
    <Counters total="6" executed="6" passed="5" error="0" failed="1" timeout="0" aborted="0" inconclusive="0" passedButRunAborted="0" notRunnable="0" notExecuted="0" disconnected="0" warning="0" completed="0" inProgress="0" pending="0" />
    <Output>
      <DebugTrace>StartOperation StartStartOperation EndEndOperation StartEndOperation EndStartOperation StartStartOperation EndEndOperation StartEndOperation EndStartOperation StartStartOperation End</DebugTrace>
    </Output>
  </ResultSummary>
  <TestDefinitions>
    <UnitTest name="VerifyProductToAllowedMarketMapping" storage="c:\users\v-sothon\desktop\testenv\prod\release\uiautomation.dll" priority="0" id="aec56dca-f03b-5822-aaaf-13c76c89e694">
      <Owners>
        <Owner name="blridcdat" />
      </Owners>
      <DeploymentItems>
        <DeploymentItem filename="TestConfig" outputDirectory="TestConfig" />
        <DeploymentItem filename="IEDriverServer.exe" />
      </DeploymentItems>
      <Execution id="67d03b5b-32f2-4945-b907-60d696e93da4" />
      <TestMethod codeBase="C:/Users/v-sothon/Desktop/testEnv/PROD/release/UIAutomation.DLL" adapterTypeName="Microsoft.VisualStudio.TestTools.TestTypes.Unit.UnitTestAdapter, Microsoft.VisualStudio.QualityTools.Tips.UnitTest.Adapter, Version=10.0.0.0, Culture=neutral, PublicKeyToken=b03f5f7f11d50a3a" className="UIAutomation.CreatePublisherTestOperations, UIAutomation, Version=11.4.4183.0, Culture=neutral, PublicKeyToken=null" name="VerifyProductToAllowedMarketMapping" />
    </UnitTest>
    <UnitTest name="VerifyCreatePublisherTest" storage="c:\users\v-sothon\desktop\testenv\prod\release\uiautomation.dll" priority="0" id="5fda8c87-0e24-9a28-8c1e-bae1401d1897">
      <Owners>
        <Owner name="blridcdat" />
      </Owners>
      <DeploymentItems>
        <DeploymentItem filename="TestConfig" outputDirectory="TestConfig" />
        <DeploymentItem filename="IEDriverServer.exe" />
      </DeploymentItems>
      <Execution id="1da61739-b99e-465d-b18e-39678a631c13" />
      <TestMethod codeBase="C:/Users/v-sothon/Desktop/testEnv/PROD/release/UIAutomation.DLL" adapterTypeName="Microsoft.VisualStudio.TestTools.TestTypes.Unit.UnitTestAdapter, Microsoft.VisualStudio.QualityTools.Tips.UnitTest.Adapter, Version=10.0.0.0, Culture=neutral, PublicKeyToken=b03f5f7f11d50a3a" className="UIAutomation.CreatePublisherTestOperations, UIAutomation, Version=11.4.4183.0, Culture=neutral, PublicKeyToken=null" name="VerifyCreatePublisherTest" />
    </UnitTest>
    <UnitTest name="VerifyCountryandStateOrProviencesTest" storage="c:\users\v-sothon\desktop\testenv\prod\release\uiautomation.dll" priority="0" id="a70cfa2b-8d6d-6b7c-9f43-762f654c45eb">
      <Owners>
        <Owner name="blridcdat" />
      </Owners>
      <DeploymentItems>
        <DeploymentItem filename="TestConfig" outputDirectory="TestConfig" />
        <DeploymentItem filename="IEDriverServer.exe" />
      </DeploymentItems>
      <Execution id="295627fd-b4f6-4a50-bbe2-3f0264127670" />
      <TestMethod codeBase="C:/Users/v-sothon/Desktop/testEnv/PROD/release/UIAutomation.DLL" adapterTypeName="Microsoft.VisualStudio.TestTools.TestTypes.Unit.UnitTestAdapter, Microsoft.VisualStudio.QualityTools.Tips.UnitTest.Adapter, Version=10.0.0.0, Culture=neutral, PublicKeyToken=b03f5f7f11d50a3a" className="UIAutomation.CreatePublisherTestOperations, UIAutomation, Version=11.4.4183.0, Culture=neutral, PublicKeyToken=null" name="VerifyCountryandStateOrProviencesTest" />
    </UnitTest>
    <UnitTest name="CreateWin8AdunitTest" storage="c:\users\v-sothon\desktop\testenv\prod\release\uiautomation.dll" priority="0" id="05247693-d645-ce2e-4d44-939a80dae5bb">
      <Owners>
        <Owner name="blridcdat" />
      </Owners>
      <DeploymentItems>
        <DeploymentItem filename="TestConfig" outputDirectory="TestConfig" />
        <DeploymentItem filename="IEDriverServer.exe" />
      </DeploymentItems>
      <Execution id="f3345361-9592-4a4e-9b7f-2255cd865f9f" />
      <TestMethod codeBase="C:/Users/v-sothon/Desktop/testEnv/PROD/release/UIAutomation.DLL" adapterTypeName="Microsoft.VisualStudio.TestTools.TestTypes.Unit.UnitTestAdapter, Microsoft.VisualStudio.QualityTools.Tips.UnitTest.Adapter, Version=10.0.0.0, Culture=neutral, PublicKeyToken=b03f5f7f11d50a3a" className="UIAutomation.CreateWin8AdUnit, UIAutomation, Version=11.4.4183.0, Culture=neutral, PublicKeyToken=null" name="CreateWin8AdunitTest" />
    </UnitTest>
    <UnitTest name="CreateWinMobAdUnitTest" storage="c:\users\v-sothon\desktop\testenv\prod\release\uiautomation.dll" priority="0" id="262d4131-5831-0d45-af41-7f4e01104181">
      <Owners>
        <Owner name="blridcdat" />
      </Owners>
      <DeploymentItems>
        <DeploymentItem filename="TestConfig" outputDirectory="TestConfig" />
        <DeploymentItem filename="IEDriverServer.exe" />
      </DeploymentItems>
      <Execution id="64c99100-ce1b-413a-9c24-a539313e8a62" />
      <TestMethod codeBase="C:/Users/v-sothon/Desktop/testEnv/PROD/release/UIAutomation.DLL" adapterTypeName="Microsoft.VisualStudio.TestTools.TestTypes.Unit.UnitTestAdapter, Microsoft.VisualStudio.QualityTools.Tips.UnitTest.Adapter, Version=10.0.0.0, Culture=neutral, PublicKeyToken=b03f5f7f11d50a3a" className="UIAutomation.CreateWinMobAdUnit, UIAutomation, Version=11.4.4183.0, Culture=neutral, PublicKeyToken=null" name="CreateWinMobAdUnitTest" />
    </UnitTest>
    <UnitTest name="CreateWin8AdUnitUsrTest" storage="c:\users\v-sothon\desktop\testenv\prod\release\uiautomation.dll" priority="0" id="c2c91595-81fa-cf41-4435-6ad3755bd251">
      <Owners>
        <Owner name="blridcdat" />
      </Owners>
      <DeploymentItems>
        <DeploymentItem filename="TestConfig" outputDirectory="TestConfig" />
        <DeploymentItem filename="IEDriverServer.exe" />
      </DeploymentItems>
      <Execution id="af392944-b57a-4f29-9e5f-9c5cc04d5ac2" />
      <TestMethod codeBase="C:/Users/v-sothon/Desktop/testEnv/PROD/release/UIAutomation.DLL" adapterTypeName="Microsoft.VisualStudio.TestTools.TestTypes.Unit.UnitTestAdapter, Microsoft.VisualStudio.QualityTools.Tips.UnitTest.Adapter, Version=10.0.0.0, Culture=neutral, PublicKeyToken=b03f5f7f11d50a3a" className="UIAutomation.CreateWin8AdUnitUsr, UIAutomation, Version=11.4.4183.0, Culture=neutral, PublicKeyToken=null" name="CreateWin8AdUnitUsrTest" />
    </UnitTest>
  </TestDefinitions>
  <TestLists>
    <TestList name="Results Not in a List" id="8c84fa94-04c1-424b-9868-57a2d4851a1d" />
    <TestList name="All Loaded Results" id="19431567-8539-422a-85d7-44ee4e166bda" />
  </TestLists>
  <TestEntries>
    <TestEntry testId="a70cfa2b-8d6d-6b7c-9f43-762f654c45eb" executionId="295627fd-b4f6-4a50-bbe2-3f0264127670" testListId="8c84fa94-04c1-424b-9868-57a2d4851a1d" />
    <TestEntry testId="5fda8c87-0e24-9a28-8c1e-bae1401d1897" executionId="1da61739-b99e-465d-b18e-39678a631c13" testListId="8c84fa94-04c1-424b-9868-57a2d4851a1d" />
    <TestEntry testId="aec56dca-f03b-5822-aaaf-13c76c89e694" executionId="67d03b5b-32f2-4945-b907-60d696e93da4" testListId="8c84fa94-04c1-424b-9868-57a2d4851a1d" />
    <TestEntry testId="05247693-d645-ce2e-4d44-939a80dae5bb" executionId="f3345361-9592-4a4e-9b7f-2255cd865f9f" testListId="8c84fa94-04c1-424b-9868-57a2d4851a1d" />
    <TestEntry testId="c2c91595-81fa-cf41-4435-6ad3755bd251" executionId="af392944-b57a-4f29-9e5f-9c5cc04d5ac2" testListId="8c84fa94-04c1-424b-9868-57a2d4851a1d" />
    <TestEntry testId="262d4131-5831-0d45-af41-7f4e01104181" executionId="64c99100-ce1b-413a-9c24-a539313e8a62" testListId="8c84fa94-04c1-424b-9868-57a2d4851a1d" />
  </TestEntries>
  <Results>
    <UnitTestResult executionId="295627fd-b4f6-4a50-bbe2-3f0264127670" testId="a70cfa2b-8d6d-6b7c-9f43-762f654c45eb" testName="VerifyCountryandStateOrProviencesTest" computerName="MININT-SNSLVOM" duration="00:00:53.5519065" startTime="2013-06-06T23:47:57.2648103+05:30" endTime="2013-06-06T23:48:53.7892179+05:30" testType="13cdc9d9-ddb5-4fa4-a97d-d965ccfc6d4b" outcome="Passed" testListId="8c84fa94-04c1-424b-9868-57a2d4851a1d" relativeResultsDirectory="295627fd-b4f6-4a50-bbe2-3f0264127670">
      <Output>
        <DebugTrace>StartOperation StartStartOperation EndStartOperation StartStartOperation EndEndOperation StartEndOperation EndStartOperation StartStartOperation EndEndOperation StartEndOperation EndStartOperation StartStartOperation EndStartOperation StartStartOperation EndEndOperation StartEndOperation EndStartOperation StartStartOperation EndEndOperation StartEndOperation EndStartOperation StartStartOperation EndEndOperation StartEndOperation EndStartOperation StartStartOperation EndEndOperation StartEndOperation EndStartOperation StartStartOperation EndEndOperation StartEndOperation EndStartOperation StartStartOperation EndEndOperation StartEndOperation EndEndOperation StartEndOperation EndStartOperation StartStartOperation EndEndOperation-Exception StartMicrosoft.VisualStudio.TestTools.UnitTesting.AssertFailedException: Assert.Fail failed. timeout for finding requested element: NavItem_ToolManagement
   at Microsoft.VisualStudio.TestTools.UnitTesting.Assert.HandleFail(String assertionName, String message, Object[] parameters)
   at Microsoft.VisualStudio.TestTools.UnitTesting.Assert.Fail(String message, Object[] parameters)
   at UIAutomation.SeleniumUtils.WaitForElement(String ElementID, Int32 timeout, SeleniumElementSelection elementSelection, Boolean doAssert) in C:\PC\App\Main\Application\Test\PubCenterTIP\UIAutomation\SeleniumUtils.cs:line 267EndOperation-Exception EndEndOperation StartEndOperation EndEndOperation-Exception StartMicrosoft.VisualStudio.TestTools.UnitTesting.AssertFailedException: Assert.Fail failed. timeout for finding requested element: NavItem_ToolManagement
   at Microsoft.VisualStudio.TestTools.UnitTesting.Assert.HandleFail(String assertionName, String message, Object[] parameters)
   at Microsoft.VisualStudio.TestTools.UnitTesting.Assert.Fail(String message, Object[] parameters)
   at UIAutomation.SeleniumUtils.WaitForElement(String ElementID, Int32 timeout, SeleniumElementSelection elementSelection, Boolean doAssert) in C:\PC\App\Main\Application\Test\PubCenterTIP\UIAutomation\SeleniumUtils.cs:line 286
   at UIAutomation.CreatePublisherTestOperations.VerifyCountryandStateOrProviencesTest() in C:\PC\App\Main\Application\Test\PubCenterTIP\UIAutomation\CreatePublisherTestOperations.cs:line 122EndOperation-Exception EndEndOperation StartEndOperation EndStartOperation StartStartOperation EndStartOperation StartStartOperation EndEndOperation StartEndOperation EndStartOperation StartStartOperation EndEndOperation StartEndOperation EndEndOperation StartEndOperation End</DebugTrace>
      </Output>
    </UnitTestResult>
    <UnitTestResult executionId="1da61739-b99e-465d-b18e-39678a631c13" testId="5fda8c87-0e24-9a28-8c1e-bae1401d1897" testName="VerifyCreatePublisherTest" computerName="MININT-SNSLVOM" duration="00:00:49.3697102" startTime="2013-06-06T23:48:53.7912181+05:30" endTime="2013-06-06T23:49:43.1654397+05:30" testType="13cdc9d9-ddb5-4fa4-a97d-d965ccfc6d4b" outcome="Passed" testListId="8c84fa94-04c1-424b-9868-57a2d4851a1d" relativeResultsDirectory="1da61739-b99e-465d-b18e-39678a631c13">
      <Output>
        <DebugTrace>StartOperation StartStartOperation EndStartOperation StartStartOperation EndEndOperation StartEndOperation EndStartOperation StartStartOperation EndEndOperation StartEndOperation EndStartOperation StartStartOperation EndStartOperation StartStartOperation EndEndOperation StartEndOperation EndStartOperation StartStartOperation EndEndOperation StartEndOperation EndStartOperation StartStartOperation EndEndOperation StartEndOperation EndStartOperation StartStartOperation EndEndOperation StartEndOperation EndStartOperation StartStartOperation EndEndOperation StartEndOperation EndStartOperation StartStartOperation EndEndOperation StartEndOperation EndEndOperation StartEndOperation EndStartOperation StartStartOperation EndEndOperation-Exception StartMicrosoft.VisualStudio.TestTools.UnitTesting.AssertFailedException: Assert.Fail failed. timeout for finding requested element: NavItem_ToolManagement
   at Microsoft.VisualStudio.TestTools.UnitTesting.Assert.HandleFail(String assertionName, String message, Object[] parameters)
   at Microsoft.VisualStudio.TestTools.UnitTesting.Assert.Fail(String message, Object[] parameters)
   at UIAutomation.SeleniumUtils.WaitForElement(String ElementID, Int32 timeout, SeleniumElementSelection elementSelection, Boolean doAssert) in C:\PC\App\Main\Application\Test\PubCenterTIP\UIAutomation\SeleniumUtils.cs:line 267EndOperation-Exception EndEndOperation StartEndOperation EndEndOperation-Exception StartMicrosoft.VisualStudio.TestTools.UnitTesting.AssertFailedException: Assert.Fail failed. timeout for finding requested element: NavItem_ToolManagement
   at Microsoft.VisualStudio.TestTools.UnitTesting.Assert.HandleFail(String assertionName, String message, Object[] parameters)
   at Microsoft.VisualStudio.TestTools.UnitTesting.Assert.Fail(String message, Object[] parameters)
   at UIAutomation.SeleniumUtils.WaitForElement(String ElementID, Int32 timeout, SeleniumElementSelection elementSelection, Boolean doAssert) in C:\PC\App\Main\Application\Test\PubCenterTIP\UIAutomation\SeleniumUtils.cs:line 286
   at UIAutomation.CreatePublisherTestOperations.VerifyCreatePublisherTest() in C:\PC\App\Main\Application\Test\PubCenterTIP\UIAutomation\CreatePublisherTestOperations.cs:line 51EndOperation-Exception EndEndOperation StartEndOperation EndStartOperation StartStartOperation EndStartOperation StartStartOperation EndEndOperation StartEndOperation EndStartOperation StartStartOperation EndEndOperation StartEndOperation EndEndOperation StartEndOperation End</DebugTrace>
      </Output>
    </UnitTestResult>
    <UnitTestResult executionId="67d03b5b-32f2-4945-b907-60d696e93da4" testId="aec56dca-f03b-5822-aaaf-13c76c89e694" testName="VerifyProductToAllowedMarketMapping" computerName="MININT-SNSLVOM" duration="00:00:49.2710734" startTime="2013-06-06T23:49:43.1674377+05:30" endTime="2013-06-06T23:50:32.4426693+05:30" testType="13cdc9d9-ddb5-4fa4-a97d-d965ccfc6d4b" outcome="Passed" testListId="8c84fa94-04c1-424b-9868-57a2d4851a1d" relativeResultsDirectory="67d03b5b-32f2-4945-b907-60d696e93da4">
      <Output>
        <DebugTrace>StartOperation StartStartOperation EndStartOperation StartStartOperation EndEndOperation StartEndOperation EndStartOperation StartStartOperation EndEndOperation StartEndOperation EndStartOperation StartStartOperation EndStartOperation StartStartOperation EndEndOperation StartEndOperation EndStartOperation StartStartOperation EndEndOperation StartEndOperation EndStartOperation StartStartOperation EndEndOperation StartEndOperation EndStartOperation StartStartOperation EndEndOperation StartEndOperation EndStartOperation StartStartOperation EndEndOperation StartEndOperation EndStartOperation StartStartOperation EndEndOperation StartEndOperation EndEndOperation StartEndOperation EndStartOperation StartStartOperation EndEndOperation-Exception StartMicrosoft.VisualStudio.TestTools.UnitTesting.AssertFailedException: Assert.Fail failed. timeout for finding requested element: NavItem_ToolManagement
   at Microsoft.VisualStudio.TestTools.UnitTesting.Assert.HandleFail(String assertionName, String message, Object[] parameters)
   at Microsoft.VisualStudio.TestTools.UnitTesting.Assert.Fail(String message, Object[] parameters)
   at UIAutomation.SeleniumUtils.WaitForElement(String ElementID, Int32 timeout, SeleniumElementSelection elementSelection, Boolean doAssert) in C:\PC\App\Main\Application\Test\PubCenterTIP\UIAutomation\SeleniumUtils.cs:line 267EndOperation-Exception EndEndOperation StartEndOperation EndEndOperation-Exception StartMicrosoft.VisualStudio.TestTools.UnitTesting.AssertFailedException: Assert.Fail failed. timeout for finding requested element: NavItem_ToolManagement
   at Microsoft.VisualStudio.TestTools.UnitTesting.Assert.HandleFail(String assertionName, String message, Object[] parameters)
   at Microsoft.VisualStudio.TestTools.UnitTesting.Assert.Fail(String message, Object[] parameters)
   at UIAutomation.SeleniumUtils.WaitForElement(String ElementID, Int32 timeout, SeleniumElementSelection elementSelection, Boolean doAssert) in C:\PC\App\Main\Application\Test\PubCenterTIP\UIAutomation\SeleniumUtils.cs:line 286
   at UIAutomation.CreatePublisherTestOperations.VerifyProductToAllowedMarketMapping() in C:\PC\App\Main\Application\Test\PubCenterTIP\UIAutomation\CreatePublisherTestOperations.cs:line 215EndOperation-Exception EndEndOperation StartEndOperation EndStartOperation StartStartOperation EndStartOperation StartStartOperation EndEndOperation StartEndOperation EndStartOperation StartStartOperation EndEndOperation StartEndOperation EndEndOperation StartEndOperation End</DebugTrace>
      </Output>
    </UnitTestResult>
    <UnitTestResult executionId="f3345361-9592-4a4e-9b7f-2255cd865f9f" testId="05247693-d645-ce2e-4d44-939a80dae5bb" testName="CreateWin8AdunitTest" computerName="MININT-SNSLVOM" duration="00:00:48.6856931" startTime="2013-06-06T23:50:32.4446409+05:30" endTime="2013-06-06T23:51:21.1347612+05:30" testType="13cdc9d9-ddb5-4fa4-a97d-d965ccfc6d4b" outcome="Failed" testListId="8c84fa94-04c1-424b-9868-57a2d4851a1d" relativeResultsDirectory="f3345361-9592-4a4e-9b7f-2255cd865f9f">
      <Output>
        <DebugTrace>StartOperation StartStartOperation EndStartOperation StartStartOperation EndEndOperation StartEndOperation EndStartOperation StartStartOperation EndEndOperation StartEndOperation EndStartOperation StartStartOperation EndStartOperation StartStartOperation EndEndOperation StartEndOperation EndStartOperation StartStartOperation EndEndOperation StartEndOperation EndStartOperation StartStartOperation EndEndOperation StartEndOperation EndStartOperation StartStartOperation EndEndOperation StartEndOperation EndStartOperation StartStartOperation EndEndOperation StartEndOperation EndStartOperation StartStartOperation EndEndOperation StartEndOperation EndEndOperation StartEndOperation EndStartOperation StartStartOperation EndEndOperation-Exception StartMicrosoft.VisualStudio.TestTools.UnitTesting.AssertFailedException: Assert.Fail failed. timeout for finding requested element: NavItem_ToolManagement
   at Microsoft.VisualStudio.TestTools.UnitTesting.Assert.HandleFail(String assertionName, String message, Object[] parameters)
   at Microsoft.VisualStudio.TestTools.UnitTesting.Assert.Fail(String message, Object[] parameters)
   at UIAutomation.SeleniumUtils.WaitForElement(String ElementID, Int32 timeout, SeleniumElementSelection elementSelection, Boolean doAssert) in C:\PC\App\Main\Application\Test\PubCenterTIP\UIAutomation\SeleniumUtils.cs:line 267EndOperation-Exception EndEndOperation StartEndOperation EndEndOperation-Exception StartMicrosoft.VisualStudio.TestTools.UnitTesting.AssertFailedException: Assert.Fail failed. timeout for finding requested element: NavItem_ToolManagement
   at Microsoft.VisualStudio.TestTools.UnitTesting.Assert.HandleFail(String assertionName, String message, Object[] parameters)
   at Microsoft.VisualStudio.TestTools.UnitTesting.Assert.Fail(String message, Object[] parameters)
   at UIAutomation.SeleniumUtils.WaitForElement(String ElementID, Int32 timeout, SeleniumElementSelection elementSelection, Boolean doAssert) in C:\PC\App\Main\Application\Test\PubCenterTIP\UIAutomation\SeleniumUtils.cs:line 286
   at UIAutomation.CreateWin8AdUnit.CreateWin8AdunitTest() in C:\PC\App\Main\Application\Test\PubCenterTIP\UIAutomation\Create-Win8AdUnit.cs:line 52EndOperation-Exception EndEndOperation StartEndOperation EndStartOperation StartStartOperation EndStartOperation StartStartOperation EndEndOperation StartEndOperation EndStartOperation StartStartOperation EndEndOperation StartEndOperation EndEndOperation StartEndOperation End</DebugTrace>
        <ErrorInfo>
          <Message>Assert.Fail failed. timeout for finding requested element: NavItem_ToolManagement</Message>
          <StackTrace>   at UIAutomation.SeleniumUtils.WaitForElement(String ElementID, Int32 timeout, SeleniumElementSelection elementSelection, Boolean doAssert) in C:\PC\App\Main\Application\Test\PubCenterTIP\UIAutomation\SeleniumUtils.cs:line 286
   at UIAutomation.CreateWin8AdUnit.CreateWin8AdunitTest() in C:\PC\App\Main\Application\Test\PubCenterTIP\UIAutomation\Create-Win8AdUnit.cs:line 111
</StackTrace>
        </ErrorInfo>
      </Output>
    </UnitTestResult>
    <UnitTestResult executionId="af392944-b57a-4f29-9e5f-9c5cc04d5ac2" testId="c2c91595-81fa-cf41-4435-6ad3755bd251" testName="CreateWin8AdUnitUsrTest" computerName="MININT-SNSLVOM" duration="00:01:38.2386716" startTime="2013-06-06T23:51:21.1367467+05:30" endTime="2013-06-06T23:52:59.3821335+05:30" testType="13cdc9d9-ddb5-4fa4-a97d-d965ccfc6d4b" outcome="Passed" testListId="8c84fa94-04c1-424b-9868-57a2d4851a1d" relativeResultsDirectory="af392944-b57a-4f29-9e5f-9c5cc04d5ac2">
      <Output>
        <DebugTrace>StartOperation StartStartOperation EndStartOperation StartStartOperation EndEndOperation StartEndOperation EndStartOperation StartStartOperation EndStartOperation StartStartOperation EndEndOperation StartEndOperation EndStartOperation StartStartOperation EndEndOperation StartEndOperation EndStartOperation StartStartOperation EndStartOperation StartStartOperation EndEndOperation StartEndOperation EndStartOperation StartStartOperation EndEndOperation StartEndOperation EndStartOperation StartStartOperation EndEndOperation StartEndOperation EndStartOperation StartStartOperation EndEndOperation StartEndOperation EndStartOperation StartStartOperation EndEndOperation StartEndOperation EndStartOperation StartStartOperation EndEndOperation StartEndOperation EndEndOperation StartEndOperation EndEndOperation StartEndOperation EndStartOperation StartStartOperation EndEndOperation StartEndOperation EndStartOperation StartStartOperation EndEndOperation StartEndOperation EndStartOperation StartStartOperation EndEndOperation StartEndOperation EndStartOperation StartStartOperation EndEndOperation StartEndOperation EndStartOperation StartStartOperation EndEndOperation StartEndOperation EndStartOperation StartStartOperation EndEndOperation StartEndOperation EndStartOperation StartStartOperation EndEndOperation StartEndOperation EndStartOperation StartStartOperation EndEndOperation StartEndOperation EndStartOperation StartStartOperation EndEndOperation StartEndOperation EndStartOperation StartStartOperation EndEndOperation StartEndOperation EndStartOperation StartStartOperation EndEndOperation StartEndOperation EndStartOperation StartStartOperation EndEndOperation StartEndOperation EndEndOperation StartEndOperation EndStartOperation StartStartOperation EndStartOperation StartStartOperation EndEndOperation StartEndOperation EndStartOperation StartStartOperation EndEndOperation StartEndOperation EndEndOperation StartEndOperation End</DebugTrace>
      </Output>
    </UnitTestResult>
    <UnitTestResult executionId="64c99100-ce1b-413a-9c24-a539313e8a62" testId="262d4131-5831-0d45-af41-7f4e01104181" testName="CreateWinMobAdUnitTest" computerName="MININT-SNSLVOM" duration="00:01:38.3770805" startTime="2013-06-06T23:52:59.3841447+05:30" endTime="2013-06-06T23:54:37.7664811+05:30" testType="13cdc9d9-ddb5-4fa4-a97d-d965ccfc6d4b" outcome="Passed" testListId="8c84fa94-04c1-424b-9868-57a2d4851a1d" relativeResultsDirectory="64c99100-ce1b-413a-9c24-a539313e8a62">
      <Output>
        <DebugTrace>StartOperation StartStartOperation EndStartOperation StartStartOperation EndEndOperation StartEndOperation EndStartOperation StartStartOperation EndStartOperation StartStartOperation EndEndOperation StartEndOperation EndStartOperation StartStartOperation EndEndOperation StartEndOperation EndStartOperation StartStartOperation EndStartOperation StartStartOperation EndEndOperation StartEndOperation EndStartOperation StartStartOperation EndEndOperation StartEndOperation EndStartOperation StartStartOperation EndEndOperation StartEndOperation EndStartOperation StartStartOperation EndEndOperation StartEndOperation EndStartOperation StartStartOperation EndEndOperation StartEndOperation EndStartOperation StartStartOperation EndEndOperation StartEndOperation EndEndOperation StartEndOperation EndEndOperation StartEndOperation EndStartOperation StartStartOperation EndEndOperation StartEndOperation EndStartOperation StartStartOperation EndEndOperation StartEndOperation EndStartOperation StartStartOperation EndEndOperation StartEndOperation EndStartOperation StartStartOperation EndEndOperation StartEndOperation EndStartOperation StartStartOperation EndEndOperation StartEndOperation EndStartOperation StartStartOperation EndEndOperation StartEndOperation EndStartOperation StartStartOperation EndEndOperation StartEndOperation EndStartOperation StartStartOperation EndEndOperation StartEndOperation EndStartOperation StartStartOperation EndEndOperation StartEndOperation EndStartOperation StartStartOperation EndEndOperation StartEndOperation EndStartOperation StartStartOperation EndEndOperation StartEndOperation EndStartOperation StartStartOperation EndEndOperation StartEndOperation EndStartOperation StartStartOperation EndEndOperation StartEndOperation EndEndOperation StartEndOperation EndStartOperation StartStartOperation EndStartOperation StartStartOperation EndEndOperation StartEndOperation EndStartOperation StartStartOperation EndEndOperation StartEndOperation EndEndOperation StartEndOperation End</DebugTrace>
      </Output>
    </UnitTestResult>
  </Results>
</TestRun>