<?xml version="1.0" encoding="UTF-8"?>
<TestRun id="39cb8c33-e949-4812-a989-fc3d0703b772" name="v-sothon@MININT-SNSLVOM 2013-06-06 11:36:57" runUser="FAREAST\v-sothon" xmlns="http://microsoft.com/schemas/VisualStudio/TeamTest/2010">
  <TestSettings name="Default Test Settings" id="244c3811-af02-4c62-b0de-ec97550abca0">
    <Deployment userDeploymentRoot="C:\Users\v-sothon\Desktop\testEnv\PACE\testresults" useDefaultDeploymentRoot="false" runDeploymentRoot="v-sothon_MININT-SNSLVOM 2013-06-06 11_36_57" />
    <Execution>
      <TestTypeSpecific />
      <AgentRule name="Execution Agents">
      </AgentRule>
    </Execution>
  </TestSettings>
  <Times creation="2013-06-06T11:36:57.5085706+05:30" queuing="2013-06-06T11:36:57.8435784+05:30" start="2013-06-06T11:36:57.8835870+05:30" finish="2013-06-06T11:45:06.2678862+05:30" />
  <ResultSummary outcome="Failed">
    <Counters total="6" executed="6" passed="3" error="0" failed="3" timeout="0" aborted="0" inconclusive="0" passedButRunAborted="0" notRunnable="0" notExecuted="0" disconnected="0" warning="0" completed="0" inProgress="0" pending="0" />
    <Output>
      <DebugTrace>StartOperation StartStartOperation EndEndOperation StartEndOperation EndStartOperation StartStartOperation EndEndOperation StartEndOperation EndStartOperation StartStartOperation End</DebugTrace>
    </Output>
  </ResultSummary>
  <TestDefinitions>
    <UnitTest name="VerifyProductToAllowedMarketMapping" storage="c:\users\v-sothon\desktop\testenv\pace\release\uiautomation.dll" priority="0" id="aec56dca-f03b-5822-aaaf-13c76c89e694">
      <Owners>
        <Owner name="blridcdat" />
      </Owners>
      <DeploymentItems>
        <DeploymentItem filename="TestConfig" outputDirectory="TestConfig" />
        <DeploymentItem filename="IEDriverServer.exe" />
      </DeploymentItems>
      <Execution id="75ac72e8-f51a-4349-a19c-54e4f3a3fd65" />
      <TestMethod codeBase="C:/Users/v-sothon/Desktop/testEnv/PACE/release/UIAutomation.DLL" adapterTypeName="Microsoft.VisualStudio.TestTools.TestTypes.Unit.UnitTestAdapter, Microsoft.VisualStudio.QualityTools.Tips.UnitTest.Adapter, Version=10.0.0.0, Culture=neutral, PublicKeyToken=b03f5f7f11d50a3a" className="UIAutomation.CreatePublisherTestOperations, UIAutomation, Version=11.4.4183.0, Culture=neutral, PublicKeyToken=null" name="VerifyProductToAllowedMarketMapping" />
    </UnitTest>
    <UnitTest name="VerifyCreatePublisherTest" storage="c:\users\v-sothon\desktop\testenv\pace\release\uiautomation.dll" priority="0" id="5fda8c87-0e24-9a28-8c1e-bae1401d1897">
      <Owners>
        <Owner name="blridcdat" />
      </Owners>
      <DeploymentItems>
        <DeploymentItem filename="TestConfig" outputDirectory="TestConfig" />
        <DeploymentItem filename="IEDriverServer.exe" />
      </DeploymentItems>
      <Execution id="2c26caa4-bb4e-4b35-b9d0-3ef20a23af7a" />
      <TestMethod codeBase="C:/Users/v-sothon/Desktop/testEnv/PACE/release/UIAutomation.DLL" adapterTypeName="Microsoft.VisualStudio.TestTools.TestTypes.Unit.UnitTestAdapter, Microsoft.VisualStudio.QualityTools.Tips.UnitTest.Adapter, Version=10.0.0.0, Culture=neutral, PublicKeyToken=b03f5f7f11d50a3a" className="UIAutomation.CreatePublisherTestOperations, UIAutomation, Version=11.4.4183.0, Culture=neutral, PublicKeyToken=null" name="VerifyCreatePublisherTest" />
    </UnitTest>
    <UnitTest name="VerifyCountryandStateOrProviencesTest" storage="c:\users\v-sothon\desktop\testenv\pace\release\uiautomation.dll" priority="0" id="a70cfa2b-8d6d-6b7c-9f43-762f654c45eb">
      <Owners>
        <Owner name="blridcdat" />
      </Owners>
      <DeploymentItems>
        <DeploymentItem filename="TestConfig" outputDirectory="TestConfig" />
        <DeploymentItem filename="IEDriverServer.exe" />
      </DeploymentItems>
      <Execution id="2c520dee-5286-4e22-b541-25fa76d04bd5" />
      <TestMethod codeBase="C:/Users/v-sothon/Desktop/testEnv/PACE/release/UIAutomation.DLL" adapterTypeName="Microsoft.VisualStudio.TestTools.TestTypes.Unit.UnitTestAdapter, Microsoft.VisualStudio.QualityTools.Tips.UnitTest.Adapter, Version=10.0.0.0, Culture=neutral, PublicKeyToken=b03f5f7f11d50a3a" className="UIAutomation.CreatePublisherTestOperations, UIAutomation, Version=11.4.4183.0, Culture=neutral, PublicKeyToken=null" name="VerifyCountryandStateOrProviencesTest" />
    </UnitTest>
    <UnitTest name="CreateWin8AdunitTest" storage="c:\users\v-sothon\desktop\testenv\pace\release\uiautomation.dll" priority="0" id="05247693-d645-ce2e-4d44-939a80dae5bb">
      <Owners>
        <Owner name="blridcdat" />
      </Owners>
      <DeploymentItems>
        <DeploymentItem filename="TestConfig" outputDirectory="TestConfig" />
        <DeploymentItem filename="IEDriverServer.exe" />
      </DeploymentItems>
      <Execution id="72342ed9-2aee-4315-b079-1686f908ae84" />
      <TestMethod codeBase="C:/Users/v-sothon/Desktop/testEnv/PACE/release/UIAutomation.DLL" adapterTypeName="Microsoft.VisualStudio.TestTools.TestTypes.Unit.UnitTestAdapter, Microsoft.VisualStudio.QualityTools.Tips.UnitTest.Adapter, Version=10.0.0.0, Culture=neutral, PublicKeyToken=b03f5f7f11d50a3a" className="UIAutomation.CreateWin8AdUnit, UIAutomation, Version=11.4.4183.0, Culture=neutral, PublicKeyToken=null" name="CreateWin8AdunitTest" />
    </UnitTest>
    <UnitTest name="CreateWinMobAdUnitTest" storage="c:\users\v-sothon\desktop\testenv\pace\release\uiautomation.dll" priority="0" id="262d4131-5831-0d45-af41-7f4e01104181">
      <Owners>
        <Owner name="blridcdat" />
      </Owners>
      <DeploymentItems>
        <DeploymentItem filename="TestConfig" outputDirectory="TestConfig" />
        <DeploymentItem filename="IEDriverServer.exe" />
      </DeploymentItems>
      <Execution id="ca849c49-a29c-4bcb-8b6d-5d4aa93dd3a9" />
      <TestMethod codeBase="C:/Users/v-sothon/Desktop/testEnv/PACE/release/UIAutomation.DLL" adapterTypeName="Microsoft.VisualStudio.TestTools.TestTypes.Unit.UnitTestAdapter, Microsoft.VisualStudio.QualityTools.Tips.UnitTest.Adapter, Version=10.0.0.0, Culture=neutral, PublicKeyToken=b03f5f7f11d50a3a" className="UIAutomation.CreateWinMobAdUnit, UIAutomation, Version=11.4.4183.0, Culture=neutral, PublicKeyToken=null" name="CreateWinMobAdUnitTest" />
    </UnitTest>
    <UnitTest name="CreateWin8AdUnitUsrTest" storage="c:\users\v-sothon\desktop\testenv\pace\release\uiautomation.dll" priority="0" id="c2c91595-81fa-cf41-4435-6ad3755bd251">
      <Owners>
        <Owner name="blridcdat" />
      </Owners>
      <DeploymentItems>
        <DeploymentItem filename="TestConfig" outputDirectory="TestConfig" />
        <DeploymentItem filename="IEDriverServer.exe" />
      </DeploymentItems>
      <Execution id="115e2240-65ce-43e1-b89f-1623ff453507" />
      <TestMethod codeBase="C:/Users/v-sothon/Desktop/testEnv/PACE/release/UIAutomation.DLL" adapterTypeName="Microsoft.VisualStudio.TestTools.TestTypes.Unit.UnitTestAdapter, Microsoft.VisualStudio.QualityTools.Tips.UnitTest.Adapter, Version=10.0.0.0, Culture=neutral, PublicKeyToken=b03f5f7f11d50a3a" className="UIAutomation.CreateWin8AdUnitUsr, UIAutomation, Version=11.4.4183.0, Culture=neutral, PublicKeyToken=null" name="CreateWin8AdUnitUsrTest" />
    </UnitTest>
  </TestDefinitions>
  <TestLists>
    <TestList name="Results Not in a List" id="8c84fa94-04c1-424b-9868-57a2d4851a1d" />
    <TestList name="All Loaded Results" id="19431567-8539-422a-85d7-44ee4e166bda" />
  </TestLists>
  <TestEntries>
    <TestEntry testId="a70cfa2b-8d6d-6b7c-9f43-762f654c45eb" executionId="2c520dee-5286-4e22-b541-25fa76d04bd5" testListId="8c84fa94-04c1-424b-9868-57a2d4851a1d" />
    <TestEntry testId="5fda8c87-0e24-9a28-8c1e-bae1401d1897" executionId="2c26caa4-bb4e-4b35-b9d0-3ef20a23af7a" testListId="8c84fa94-04c1-424b-9868-57a2d4851a1d" />
    <TestEntry testId="aec56dca-f03b-5822-aaaf-13c76c89e694" executionId="75ac72e8-f51a-4349-a19c-54e4f3a3fd65" testListId="8c84fa94-04c1-424b-9868-57a2d4851a1d" />
    <TestEntry testId="05247693-d645-ce2e-4d44-939a80dae5bb" executionId="72342ed9-2aee-4315-b079-1686f908ae84" testListId="8c84fa94-04c1-424b-9868-57a2d4851a1d" />
    <TestEntry testId="c2c91595-81fa-cf41-4435-6ad3755bd251" executionId="115e2240-65ce-43e1-b89f-1623ff453507" testListId="8c84fa94-04c1-424b-9868-57a2d4851a1d" />
    <TestEntry testId="262d4131-5831-0d45-af41-7f4e01104181" executionId="ca849c49-a29c-4bcb-8b6d-5d4aa93dd3a9" testListId="8c84fa94-04c1-424b-9868-57a2d4851a1d" />
  </TestEntries>
  <Results>
    <UnitTestResult executionId="2c520dee-5286-4e22-b541-25fa76d04bd5" testId="a70cfa2b-8d6d-6b7c-9f43-762f654c45eb" testName="VerifyCountryandStateOrProviencesTest" computerName="MININT-SNSLVOM" duration="00:01:32.3425764" startTime="2013-06-06T11:36:57.8895861+05:30" endTime="2013-06-06T11:38:34.1366629+05:30" testType="13cdc9d9-ddb5-4fa4-a97d-d965ccfc6d4b" outcome="Passed" testListId="8c84fa94-04c1-424b-9868-57a2d4851a1d" relativeResultsDirectory="2c520dee-5286-4e22-b541-25fa76d04bd5">
      <Output>
        <DebugTrace>StartOperation StartStartOperation EndStartOperation StartStartOperation EndEndOperation StartEndOperation EndStartOperation StartStartOperation EndEndOperation StartEndOperation EndStartOperation StartStartOperation EndStartOperation StartStartOperation EndEndOperation StartEndOperation EndStartOperation StartStartOperation EndEndOperation StartEndOperation EndStartOperation StartStartOperation EndEndOperation StartEndOperation EndStartOperation StartStartOperation EndEndOperation StartEndOperation EndStartOperation StartStartOperation EndEndOperation StartEndOperation EndStartOperation StartStartOperation EndEndOperation StartEndOperation EndEndOperation StartEndOperation EndStartOperation StartStartOperation EndEndOperation StartEndOperation EndStartOperation StartStartOperation EndEndOperation StartEndOperation EndStartOperation StartStartOperation EndEndOperation StartEndOperation EndStartOperation StartStartOperation EndEndOperation-Exception StartMicrosoft.VisualStudio.TestTools.UnitTesting.AssertFailedException: Assert.Fail failed. timeout for finding requested element: Customer_AddressLine1
   at Microsoft.VisualStudio.TestTools.UnitTesting.Assert.HandleFail(String assertionName, String message, Object[] parameters)
   at Microsoft.VisualStudio.TestTools.UnitTesting.Assert.Fail(String message, Object[] parameters)
   at UIAutomation.SeleniumUtils.WaitForElement(String ElementID, Int32 timeout, SeleniumElementSelection elementSelection, Boolean doAssert) in C:\PC\App\Main\Application\Test\PubCenterTIP\UIAutomation\SeleniumUtils.cs:line 267EndOperation-Exception EndEndOperation StartEndOperation EndEndOperation-Exception StartMicrosoft.VisualStudio.TestTools.UnitTesting.AssertFailedException: Assert.Fail failed. timeout for finding requested element: Customer_AddressLine1
   at Microsoft.VisualStudio.TestTools.UnitTesting.Assert.HandleFail(String assertionName, String message, Object[] parameters)
   at Microsoft.VisualStudio.TestTools.UnitTesting.Assert.Fail(String message, Object[] parameters)
   at UIAutomation.SeleniumUtils.WaitForElement(String ElementID, Int32 timeout, SeleniumElementSelection elementSelection, Boolean doAssert) in C:\PC\App\Main\Application\Test\PubCenterTIP\UIAutomation\SeleniumUtils.cs:line 286
   at UIAutomation.CreatePublisherTestOperations.VerifyCountryandStateOrProviencesTest() in C:\PC\App\Main\Application\Test\PubCenterTIP\UIAutomation\CreatePublisherTestOperations.cs:line 135EndOperation-Exception EndEndOperation StartEndOperation EndStartOperation StartStartOperation EndStartOperation StartStartOperation EndEndOperation StartEndOperation EndStartOperation StartStartOperation EndEndOperation StartEndOperation EndEndOperation StartEndOperation End</DebugTrace>
      </Output>
    </UnitTestResult>
    <UnitTestResult executionId="2c26caa4-bb4e-4b35-b9d0-3ef20a23af7a" testId="5fda8c87-0e24-9a28-8c1e-bae1401d1897" testName="VerifyCreatePublisherTest" computerName="MININT-SNSLVOM" duration="00:01:06.6664054" startTime="2013-06-06T11:38:34.1386649+05:30" endTime="2013-06-06T11:39:40.8097489+05:30" testType="13cdc9d9-ddb5-4fa4-a97d-d965ccfc6d4b" outcome="Passed" testListId="8c84fa94-04c1-424b-9868-57a2d4851a1d" relativeResultsDirectory="2c26caa4-bb4e-4b35-b9d0-3ef20a23af7a">
      <Output>
        <DebugTrace>StartOperation StartStartOperation EndStartOperation StartStartOperation EndEndOperation StartEndOperation EndStartOperation StartStartOperation EndEndOperation StartEndOperation EndStartOperation StartStartOperation EndStartOperation StartStartOperation EndEndOperation StartEndOperation EndStartOperation StartStartOperation EndEndOperation StartEndOperation EndStartOperation StartStartOperation EndEndOperation StartEndOperation EndStartOperation StartStartOperation EndEndOperation StartEndOperation EndStartOperation StartStartOperation EndEndOperation StartEndOperation EndStartOperation StartStartOperation EndEndOperation StartEndOperation EndEndOperation StartEndOperation EndStartOperation StartStartOperation EndEndOperation StartEndOperation EndStartOperation StartStartOperation EndEndOperation StartEndOperation EndStartOperation StartStartOperation EndEndOperation StartEndOperation EndStartOperation StartStartOperation EndEndOperation StartEndOperation EndStartOperation StartStartOperation EndEndOperation StartEndOperation EndStartOperation StartStartOperation EndEndOperation StartEndOperation EndStartOperation StartStartOperation EndEndOperation StartEndOperation EndStartOperation StartStartOperation EndEndOperation StartEndOperation EndStartOperation StartStartOperation EndEndOperation StartEndOperation EndStartOperation StartStartOperation EndEndOperation StartEndOperation EndStartOperation StartStartOperation EndEndOperation StartEndOperation EndStartOperation StartStartOperation EndEndOperation StartEndOperation EndStartOperation StartStartOperation EndEndOperation StartEndOperation EndStartOperation StartStartOperation EndEndOperation StartEndOperation EndStartOperation StartStartOperation EndEndOperation StartEndOperation EndStartOperation StartStartOperation EndEndOperation StartEndOperation EndStartOperation StartStartOperation EndEndOperation StartEndOperation EndStartOperation StartStartOperation EndEndOperation StartEndOperation EndEndOperation StartEndOperation EndStartOperation StartStartOperation EndStartOperation StartStartOperation EndEndOperation StartEndOperation EndStartOperation StartStartOperation EndEndOperation StartEndOperation EndEndOperation StartEndOperation End</DebugTrace>
      </Output>
    </UnitTestResult>
    <UnitTestResult executionId="75ac72e8-f51a-4349-a19c-54e4f3a3fd65" testId="aec56dca-f03b-5822-aaaf-13c76c89e694" testName="VerifyProductToAllowedMarketMapping" computerName="MININT-SNSLVOM" duration="00:01:29.4325467" startTime="2013-06-06T11:39:40.8117260+05:30" endTime="2013-06-06T11:41:10.2496741+05:30" testType="13cdc9d9-ddb5-4fa4-a97d-d965ccfc6d4b" outcome="Passed" testListId="8c84fa94-04c1-424b-9868-57a2d4851a1d" relativeResultsDirectory="75ac72e8-f51a-4349-a19c-54e4f3a3fd65">
      <Output>
        <DebugTrace>StartOperation StartStartOperation EndStartOperation StartStartOperation EndEndOperation StartEndOperation EndStartOperation StartStartOperation EndEndOperation StartEndOperation EndStartOperation StartStartOperation EndStartOperation StartStartOperation EndEndOperation StartEndOperation EndStartOperation StartStartOperation EndEndOperation StartEndOperation EndStartOperation StartStartOperation EndEndOperation StartEndOperation EndStartOperation StartStartOperation EndEndOperation StartEndOperation EndStartOperation StartStartOperation EndEndOperation StartEndOperation EndStartOperation StartStartOperation EndEndOperation StartEndOperation EndEndOperation StartEndOperation EndStartOperation StartStartOperation EndEndOperation StartEndOperation EndStartOperation StartStartOperation EndEndOperation StartEndOperation EndStartOperation StartStartOperation EndEndOperation StartEndOperation EndStartOperation StartStartOperation EndEndOperation StartEndOperation EndStartOperation StartStartOperation EndEndOperation StartEndOperation EndStartOperation StartStartOperation EndEndOperation StartEndOperation EndStartOperation StartStartOperation EndEndOperation StartEndOperation EndStartOperation StartStartOperation EndEndOperation StartEndOperation EndStartOperation StartStartOperation EndEndOperation StartEndOperation EndStartOperation StartStartOperation EndEndOperation StartEndOperation EndStartOperation StartStartOperation EndEndOperation-Exception StartMicrosoft.VisualStudio.TestTools.UnitTesting.AssertFailedException: Assert.Fail failed. Operation :: OperationID: ClearText. ElementID: Customer_City. Parameter:  Failed
   at Microsoft.VisualStudio.TestTools.UnitTesting.Assert.HandleFail(String assertionName, String message, Object[] parameters)
   at Microsoft.VisualStudio.TestTools.UnitTesting.Assert.Fail(String message, Object[] parameters)
   at UIAutomation.SeleniumUtils.SeleniumOperation(SeleniumOperation Operation, String ElementID, String Operand, Boolean doAssert) in C:\PC\App\Main\Application\Test\PubCenterTIP\UIAutomation\SeleniumUtils.cs:line 134EndOperation-Exception EndEndOperation StartEndOperation EndEndOperation-Exception StartMicrosoft.VisualStudio.TestTools.UnitTesting.AssertFailedException: Assert.Fail failed. Operation :: OperationID: ClearText. ElementID: Customer_City. Parameter:  Failed
   at Microsoft.VisualStudio.TestTools.UnitTesting.Assert.HandleFail(String assertionName, String message, Object[] parameters)
   at Microsoft.VisualStudio.TestTools.UnitTesting.Assert.Fail(String message, Object[] parameters)
   at UIAutomation.SeleniumUtils.SeleniumOperation(SeleniumOperation Operation, String ElementID, String Operand, Boolean doAssert) in C:\PC\App\Main\Application\Test\PubCenterTIP\UIAutomation\SeleniumUtils.cs:line 142
   at UIAutomation.CreatePublisherTestOperations.VerifyProductToAllowedMarketMapping() in C:\PC\App\Main\Application\Test\PubCenterTIP\UIAutomation\CreatePublisherTestOperations.cs:line 230EndOperation-Exception EndEndOperation StartEndOperation EndStartOperation StartStartOperation EndStartOperation StartStartOperation EndEndOperation StartEndOperation EndStartOperation StartStartOperation EndEndOperation StartEndOperation EndEndOperation StartEndOperation End</DebugTrace>
      </Output>
    </UnitTestResult>
    <UnitTestResult executionId="72342ed9-2aee-4315-b079-1686f908ae84" testId="05247693-d645-ce2e-4d44-939a80dae5bb" testName="CreateWin8AdunitTest" computerName="MININT-SNSLVOM" duration="00:01:16.9716156" startTime="2013-06-06T11:41:10.2515984+05:30" endTime="2013-06-06T11:42:27.2284862+05:30" testType="13cdc9d9-ddb5-4fa4-a97d-d965ccfc6d4b" outcome="Failed" testListId="8c84fa94-04c1-424b-9868-57a2d4851a1d" relativeResultsDirectory="72342ed9-2aee-4315-b079-1686f908ae84">
      <Output>
        <DebugTrace>StartOperation StartStartOperation EndStartOperation StartStartOperation EndEndOperation StartEndOperation EndStartOperation StartStartOperation EndEndOperation-Exception StartMicrosoft.VisualStudio.TestTools.UnitTesting.AssertFailedException: Assert.Fail failed. timeout for finding requested element: UserName
   at Microsoft.VisualStudio.TestTools.UnitTesting.Assert.HandleFail(String assertionName, String message, Object[] parameters)
   at Microsoft.VisualStudio.TestTools.UnitTesting.Assert.Fail(String message, Object[] parameters)
   at UIAutomation.SeleniumUtils.WaitForElement(String ElementID, Int32 timeout, SeleniumElementSelection elementSelection, Boolean doAssert) in C:\PC\App\Main\Application\Test\PubCenterTIP\UIAutomation\SeleniumUtils.cs:line 267EndOperation-Exception EndEndOperation StartEndOperation EndEndOperation-Exception StartMicrosoft.VisualStudio.TestTools.UnitTesting.AssertFailedException: Assert.Fail failed. timeout for finding requested element: UserName
   at Microsoft.VisualStudio.TestTools.UnitTesting.Assert.HandleFail(String assertionName, String message, Object[] parameters)
   at Microsoft.VisualStudio.TestTools.UnitTesting.Assert.Fail(String message, Object[] parameters)
   at UIAutomation.SeleniumUtils.WaitForElement(String ElementID, Int32 timeout, SeleniumElementSelection elementSelection, Boolean doAssert) in C:\PC\App\Main\Application\Test\PubCenterTIP\UIAutomation\SeleniumUtils.cs:line 286
   at UIAutomation.CreateWin8AdUnit.CreateWin8AdunitTest() in C:\PC\App\Main\Application\Test\PubCenterTIP\UIAutomation\Create-Win8AdUnit.cs:line 50EndOperation-Exception EndEndOperation StartEndOperation EndStartOperation StartStartOperation EndStartOperation StartStartOperation EndEndOperation StartEndOperation EndStartOperation StartStartOperation EndEndOperation StartEndOperation EndEndOperation StartEndOperation End</DebugTrace>
        <ErrorInfo>
          <Message>Assert.Fail failed. timeout for finding requested element: UserName</Message>
          <StackTrace>   at UIAutomation.SeleniumUtils.WaitForElement(String ElementID, Int32 timeout, SeleniumElementSelection elementSelection, Boolean doAssert) in C:\PC\App\Main\Application\Test\PubCenterTIP\UIAutomation\SeleniumUtils.cs:line 286
   at UIAutomation.CreateWin8AdUnit.CreateWin8AdunitTest() in C:\PC\App\Main\Application\Test\PubCenterTIP\UIAutomation\Create-Win8AdUnit.cs:line 111
</StackTrace>
        </ErrorInfo>
      </Output>
    </UnitTestResult>
    <UnitTestResult executionId="115e2240-65ce-43e1-b89f-1623ff453507" testId="c2c91595-81fa-cf41-4435-6ad3755bd251" testName="CreateWin8AdUnitUsrTest" computerName="MININT-SNSLVOM" duration="00:01:17.9010375" startTime="2013-06-06T11:42:27.2314517+05:30" endTime="2013-06-06T11:43:45.1374808+05:30" testType="13cdc9d9-ddb5-4fa4-a97d-d965ccfc6d4b" outcome="Failed" testListId="8c84fa94-04c1-424b-9868-57a2d4851a1d" relativeResultsDirectory="115e2240-65ce-43e1-b89f-1623ff453507">
      <Output>
        <DebugTrace>StartOperation StartStartOperation EndStartOperation StartStartOperation EndEndOperation StartEndOperation EndStartOperation StartStartOperation EndStartOperation StartStartOperation EndEndOperation-Exception StartMicrosoft.VisualStudio.TestTools.UnitTesting.AssertFailedException: Assert.Fail failed. timeout for finding requested element: Sign in
   at Microsoft.VisualStudio.TestTools.UnitTesting.Assert.HandleFail(String assertionName, String message, Object[] parameters)
   at Microsoft.VisualStudio.TestTools.UnitTesting.Assert.Fail(String message, Object[] parameters)
   at UIAutomation.SeleniumUtils.WaitForElement(String ElementID, Int32 timeout, SeleniumElementSelection elementSelection, Boolean doAssert) in C:\PC\App\Main\Application\Test\PubCenterTIP\UIAutomation\SeleniumUtils.cs:line 267EndOperation-Exception EndEndOperation StartEndOperation EndEndOperation-Exception StartMicrosoft.VisualStudio.TestTools.UnitTesting.AssertFailedException: Assert.Fail failed. timeout for finding requested element: Sign in
   at Microsoft.VisualStudio.TestTools.UnitTesting.Assert.HandleFail(String assertionName, String message, Object[] parameters)
   at Microsoft.VisualStudio.TestTools.UnitTesting.Assert.Fail(String message, Object[] parameters)
   at UIAutomation.SeleniumUtils.WaitForElement(String ElementID, Int32 timeout, SeleniumElementSelection elementSelection, Boolean doAssert) in C:\PC\App\Main\Application\Test\PubCenterTIP\UIAutomation\SeleniumUtils.cs:line 286
   at UIAutomation.UIAutomationHelper.LoginExt(PubCenterUserExt usrExt) in C:\PC\App\Main\Application\Test\PubCenterTIP\UIAutomation\UIAutomationHelper.cs:line 90EndOperation-Exception EndEndOperation-Exception StartMicrosoft.VisualStudio.TestTools.UnitTesting.AssertFailedException: Assert.Fail failed. timeout for finding requested element: Sign in
   at Microsoft.VisualStudio.TestTools.UnitTesting.Assert.HandleFail(String assertionName, String message, Object[] parameters)
   at Microsoft.VisualStudio.TestTools.UnitTesting.Assert.Fail(String message, Object[] parameters)
   at UIAutomation.SeleniumUtils.WaitForElement(String ElementID, Int32 timeout, SeleniumElementSelection elementSelection, Boolean doAssert) in C:\PC\App\Main\Application\Test\PubCenterTIP\UIAutomation\SeleniumUtils.cs:line 286
   at UIAutomation.UIAutomationHelper.LoginExt(PubCenterUserExt usrExt) in C:\PC\App\Main\Application\Test\PubCenterTIP\UIAutomation\UIAutomationHelper.cs:line 98
   at UIAutomation.CreateWin8AdUnitUsr.CreateWin8AdUnitUsrTest() in C:\PC\App\Main\Application\Test\PubCenterTIP\UIAutomation\Create-Win8AdUnitUsr.cs:line 64EndOperation-Exception EndEndOperation StartEndOperation EndStartOperation StartStartOperation EndStartOperation StartStartOperation EndEndOperation StartEndOperation EndStartOperation StartStartOperation EndEndOperation StartEndOperation EndEndOperation StartEndOperation End</DebugTrace>
        <ErrorInfo>
          <Message>Assert.Fail failed. timeout for finding requested element: Sign in</Message>
          <StackTrace>   at UIAutomation.SeleniumUtils.WaitForElement(String ElementID, Int32 timeout, SeleniumElementSelection elementSelection, Boolean doAssert) in C:\PC\App\Main\Application\Test\PubCenterTIP\UIAutomation\SeleniumUtils.cs:line 286
   at UIAutomation.UIAutomationHelper.LoginExt(PubCenterUserExt usrExt) in C:\PC\App\Main\Application\Test\PubCenterTIP\UIAutomation\UIAutomationHelper.cs:line 98
   at UIAutomation.CreateWin8AdUnitUsr.CreateWin8AdUnitUsrTest() in C:\PC\App\Main\Application\Test\PubCenterTIP\UIAutomation\Create-Win8AdUnitUsr.cs:line 127
</StackTrace>
        </ErrorInfo>
      </Output>
    </UnitTestResult>
    <UnitTestResult executionId="ca849c49-a29c-4bcb-8b6d-5d4aa93dd3a9" testId="262d4131-5831-0d45-af41-7f4e01104181" testName="CreateWinMobAdUnitTest" computerName="MININT-SNSLVOM" duration="00:01:17.9690018" startTime="2013-06-06T11:43:45.1393805+05:30" endTime="2013-06-06T11:45:03.1134613+05:30" testType="13cdc9d9-ddb5-4fa4-a97d-d965ccfc6d4b" outcome="Failed" testListId="8c84fa94-04c1-424b-9868-57a2d4851a1d" relativeResultsDirectory="ca849c49-a29c-4bcb-8b6d-5d4aa93dd3a9">
      <Output>
        <DebugTrace>StartOperation StartStartOperation EndStartOperation StartStartOperation EndEndOperation StartEndOperation EndStartOperation StartStartOperation EndStartOperation StartStartOperation EndEndOperation-Exception StartMicrosoft.VisualStudio.TestTools.UnitTesting.AssertFailedException: Assert.Fail failed. timeout for finding requested element: Sign in
   at Microsoft.VisualStudio.TestTools.UnitTesting.Assert.HandleFail(String assertionName, String message, Object[] parameters)
   at Microsoft.VisualStudio.TestTools.UnitTesting.Assert.Fail(String message, Object[] parameters)
   at UIAutomation.SeleniumUtils.WaitForElement(String ElementID, Int32 timeout, SeleniumElementSelection elementSelection, Boolean doAssert) in C:\PC\App\Main\Application\Test\PubCenterTIP\UIAutomation\SeleniumUtils.cs:line 267EndOperation-Exception EndEndOperation StartEndOperation EndEndOperation-Exception StartMicrosoft.VisualStudio.TestTools.UnitTesting.AssertFailedException: Assert.Fail failed. timeout for finding requested element: Sign in
   at Microsoft.VisualStudio.TestTools.UnitTesting.Assert.HandleFail(String assertionName, String message, Object[] parameters)
   at Microsoft.VisualStudio.TestTools.UnitTesting.Assert.Fail(String message, Object[] parameters)
   at UIAutomation.SeleniumUtils.WaitForElement(String ElementID, Int32 timeout, SeleniumElementSelection elementSelection, Boolean doAssert) in C:\PC\App\Main\Application\Test\PubCenterTIP\UIAutomation\SeleniumUtils.cs:line 286
   at UIAutomation.UIAutomationHelper.LoginExt(PubCenterUserExt usrExt) in C:\PC\App\Main\Application\Test\PubCenterTIP\UIAutomation\UIAutomationHelper.cs:line 90EndOperation-Exception EndEndOperation-Exception StartMicrosoft.VisualStudio.TestTools.UnitTesting.AssertFailedException: Assert.Fail failed. timeout for finding requested element: Sign in
   at Microsoft.VisualStudio.TestTools.UnitTesting.Assert.HandleFail(String assertionName, String message, Object[] parameters)
   at Microsoft.VisualStudio.TestTools.UnitTesting.Assert.Fail(String message, Object[] parameters)
   at UIAutomation.SeleniumUtils.WaitForElement(String ElementID, Int32 timeout, SeleniumElementSelection elementSelection, Boolean doAssert) in C:\PC\App\Main\Application\Test\PubCenterTIP\UIAutomation\SeleniumUtils.cs:line 286
   at UIAutomation.UIAutomationHelper.LoginExt(PubCenterUserExt usrExt) in C:\PC\App\Main\Application\Test\PubCenterTIP\UIAutomation\UIAutomationHelper.cs:line 98
   at UIAutomation.CreateWinMobAdUnit.CreateWinMobAdUnitTest() in C:\PC\App\Main\Application\Test\PubCenterTIP\UIAutomation\Create-WinMobAdUnit.cs:line 66EndOperation-Exception EndEndOperation StartEndOperation EndStartOperation StartStartOperation EndStartOperation StartStartOperation EndEndOperation StartEndOperation EndStartOperation StartStartOperation EndEndOperation StartEndOperation EndEndOperation StartEndOperation End</DebugTrace>
        <ErrorInfo>
          <Message>Assert.Fail failed. timeout for finding requested element: Sign in</Message>
          <StackTrace>   at UIAutomation.SeleniumUtils.WaitForElement(String ElementID, Int32 timeout, SeleniumElementSelection elementSelection, Boolean doAssert) in C:\PC\App\Main\Application\Test\PubCenterTIP\UIAutomation\SeleniumUtils.cs:line 286
   at UIAutomation.UIAutomationHelper.LoginExt(PubCenterUserExt usrExt) in C:\PC\App\Main\Application\Test\PubCenterTIP\UIAutomation\UIAutomationHelper.cs:line 98
   at UIAutomation.CreateWinMobAdUnit.CreateWinMobAdUnitTest() in C:\PC\App\Main\Application\Test\PubCenterTIP\UIAutomation\Create-WinMobAdUnit.cs:line 131
</StackTrace>
        </ErrorInfo>
      </Output>
    </UnitTestResult>
  </Results>
</TestRun>