<?xml version="1.0" encoding="UTF-8"?>
<TestRun id="b3202c41-f08e-4a61-8e2b-960823a15ab3" name="t-sumita@MININT-DQ57N74 2013-06-04 12:30:59" runUser="FAREAST\t-sumita" xmlns="http://microsoft.com/schemas/VisualStudio/TeamTest/2010">
  <TestSettings name="Default Test Settings" id="103746a5-29f3-425f-ace5-22ecbd4d3b92">
    <Deployment userDeploymentRoot="C:\Users\t-sumita\Desktop\testEnv\SI\Testresults" useDefaultDeploymentRoot="false" runDeploymentRoot="t-sumita_MININT-DQ57N74 2013-06-04 12_30_59" />
    <Execution>
      <TestTypeSpecific />
      <AgentRule name="Execution Agents">
      </AgentRule>
    </Execution>
  </TestSettings>
  <Times creation="2013-06-04T12:30:59.6179571+05:30" queuing="2013-06-04T12:30:59.9190041+05:30" start="2013-06-04T12:31:00.0460316+05:30" finish="2013-06-04T13:04:44.8325692+05:30" />
  <ResultSummary outcome="Error">
    <Counters total="6" executed="6" passed="4" error="0" failed="1" timeout="1" aborted="0" inconclusive="0" passedButRunAborted="0" notRunnable="0" notExecuted="0" disconnected="0" warning="0" completed="0" inProgress="0" pending="0" />
    <Output>
      <DebugTrace>StartOperation StartStartOperation EndEndOperation StartEndOperation EndStartOperation StartStartOperation EndEndOperation StartEndOperation EndStartOperation StartStartOperation End</DebugTrace>
    </Output>
    <RunInfos>
      <RunInfo computerName="MININT-DQ57N74" outcome="Error" timestamp="2013-06-04T13:04:44.7975602+05:30">
        <Text>Assembly Cleanup method UIAutomationHelper.AssemblyCleanUp failed. Error Message: System.InvalidOperationException: The Writer is closed or in error state.. StackTrace:     at System.Xml.XmlWellFormedWriter.AdvanceState(Token token)
   at System.Xml.XmlWellFormedWriter.WriteStartElement(String prefix, String localName, String ns)
   at Microsoft.Advertising.Display.CommonTestFramework.TestLogger.TestLoggerWriteStartElement(String text) in c:\PC\App\Main\Application\Test\PubCenterTIP\CommonTestFramework\TestLogger.cs:line 96
   at Microsoft.Advertising.Display.CommonTestFramework.TestOperationsBase.StartOperation(Object[] loggedParameters) in c:\PC\App\Main\Application\Test\PubCenterTIP\CommonTestFramework\TestOperationsBase.cs:line 109
   at UIAutomation.SeleniumUtils.SeleniumUtilsDeInit() in c:\PC\App\Main\Application\Test\PubCenterTIP\UIAutomation\SeleniumUtils.cs:line 178
   at UIAutomation.UIAutomationHelper.AssemblyCleanUp() in c:\PC\App\Main\Application\Test\PubCenterTIP\UIAutomation\UIAutomationHelper.cs:line 49
</Text>
      </RunInfo>
    </RunInfos>
  </ResultSummary>
  <TestDefinitions>
    <UnitTest name="VerifyProductToAllowedMarketMapping" storage="c:\users\t-sumita\desktop\testenv\si\release\uiautomation.dll" priority="0" id="aec56dca-f03b-5822-aaaf-13c76c89e694">
      <Owners>
        <Owner name="blridcdat" />
      </Owners>
      <DeploymentItems>
        <DeploymentItem filename="TestConfig" outputDirectory="TestConfig" />
        <DeploymentItem filename="IEDriverServer.exe" />
      </DeploymentItems>
      <Execution id="30c1c511-38ae-4ce0-9b98-97a9431cab4c" />
      <TestMethod codeBase="C:/Users/t-sumita/Desktop/testEnv/SI/release/UIAutomation.DLL" adapterTypeName="Microsoft.VisualStudio.TestTools.TestTypes.Unit.UnitTestAdapter, Microsoft.VisualStudio.QualityTools.Tips.UnitTest.Adapter, Version=11.0.0.0, Culture=neutral, PublicKeyToken=b03f5f7f11d50a3a" className="UIAutomation.CreatePublisherTestOperations, UIAutomation, Version=11.4.4183.0, Culture=neutral, PublicKeyToken=null" name="VerifyProductToAllowedMarketMapping" />
    </UnitTest>
    <UnitTest name="VerifyCreatePublisherTest" storage="c:\users\t-sumita\desktop\testenv\si\release\uiautomation.dll" priority="0" id="5fda8c87-0e24-9a28-8c1e-bae1401d1897">
      <Owners>
        <Owner name="blridcdat" />
      </Owners>
      <DeploymentItems>
        <DeploymentItem filename="TestConfig" outputDirectory="TestConfig" />
        <DeploymentItem filename="IEDriverServer.exe" />
      </DeploymentItems>
      <Execution id="80b06244-2c90-4052-81fa-12353b549264" />
      <TestMethod codeBase="C:/Users/t-sumita/Desktop/testEnv/SI/release/UIAutomation.DLL" adapterTypeName="Microsoft.VisualStudio.TestTools.TestTypes.Unit.UnitTestAdapter, Microsoft.VisualStudio.QualityTools.Tips.UnitTest.Adapter, Version=11.0.0.0, Culture=neutral, PublicKeyToken=b03f5f7f11d50a3a" className="UIAutomation.CreatePublisherTestOperations, UIAutomation, Version=11.4.4183.0, Culture=neutral, PublicKeyToken=null" name="VerifyCreatePublisherTest" />
    </UnitTest>
    <UnitTest name="VerifyCountryandStateOrProviencesTest" storage="c:\users\t-sumita\desktop\testenv\si\release\uiautomation.dll" priority="0" id="a70cfa2b-8d6d-6b7c-9f43-762f654c45eb">
      <Owners>
        <Owner name="blridcdat" />
      </Owners>
      <DeploymentItems>
        <DeploymentItem filename="TestConfig" outputDirectory="TestConfig" />
        <DeploymentItem filename="IEDriverServer.exe" />
      </DeploymentItems>
      <Execution id="9760aa97-99ba-4920-99d6-503b0f2168d4" />
      <TestMethod codeBase="C:/Users/t-sumita/Desktop/testEnv/SI/release/UIAutomation.DLL" adapterTypeName="Microsoft.VisualStudio.TestTools.TestTypes.Unit.UnitTestAdapter, Microsoft.VisualStudio.QualityTools.Tips.UnitTest.Adapter, Version=11.0.0.0, Culture=neutral, PublicKeyToken=b03f5f7f11d50a3a" className="UIAutomation.CreatePublisherTestOperations, UIAutomation, Version=11.4.4183.0, Culture=neutral, PublicKeyToken=null" name="VerifyCountryandStateOrProviencesTest" />
    </UnitTest>
    <UnitTest name="CreateWin8AdunitTest" storage="c:\users\t-sumita\desktop\testenv\si\release\uiautomation.dll" priority="0" id="05247693-d645-ce2e-4d44-939a80dae5bb">
      <Owners>
        <Owner name="blridcdat" />
      </Owners>
      <DeploymentItems>
        <DeploymentItem filename="TestConfig" outputDirectory="TestConfig" />
        <DeploymentItem filename="IEDriverServer.exe" />
      </DeploymentItems>
      <Execution id="5acaddd9-2129-4a20-9e05-ff0d13375d12" />
      <TestMethod codeBase="C:/Users/t-sumita/Desktop/testEnv/SI/release/UIAutomation.DLL" adapterTypeName="Microsoft.VisualStudio.TestTools.TestTypes.Unit.UnitTestAdapter, Microsoft.VisualStudio.QualityTools.Tips.UnitTest.Adapter, Version=11.0.0.0, Culture=neutral, PublicKeyToken=b03f5f7f11d50a3a" className="UIAutomation.CreateWin8AdUnit, UIAutomation, Version=11.4.4183.0, Culture=neutral, PublicKeyToken=null" name="CreateWin8AdunitTest" />
    </UnitTest>
    <UnitTest name="CreateWinMobAdUnitTest" storage="c:\users\t-sumita\desktop\testenv\si\release\uiautomation.dll" priority="0" id="262d4131-5831-0d45-af41-7f4e01104181">
      <Owners>
        <Owner name="blridcdat" />
      </Owners>
      <DeploymentItems>
        <DeploymentItem filename="TestConfig" outputDirectory="TestConfig" />
        <DeploymentItem filename="IEDriverServer.exe" />
      </DeploymentItems>
      <Execution id="0e27eff1-4c91-4d22-bcb9-e275995b0447" />
      <TestMethod codeBase="C:/Users/t-sumita/Desktop/testEnv/SI/release/UIAutomation.DLL" adapterTypeName="Microsoft.VisualStudio.TestTools.TestTypes.Unit.UnitTestAdapter, Microsoft.VisualStudio.QualityTools.Tips.UnitTest.Adapter, Version=11.0.0.0, Culture=neutral, PublicKeyToken=b03f5f7f11d50a3a" className="UIAutomation.CreateWinMobAdUnit, UIAutomation, Version=11.4.4183.0, Culture=neutral, PublicKeyToken=null" name="CreateWinMobAdUnitTest" />
    </UnitTest>
    <UnitTest name="CreateWin8AdUnitUsrTest" storage="c:\users\t-sumita\desktop\testenv\si\release\uiautomation.dll" priority="0" id="c2c91595-81fa-cf41-4435-6ad3755bd251">
      <Owners>
        <Owner name="blridcdat" />
      </Owners>
      <DeploymentItems>
        <DeploymentItem filename="TestConfig" outputDirectory="TestConfig" />
        <DeploymentItem filename="IEDriverServer.exe" />
      </DeploymentItems>
      <Execution id="0b66f6ee-bb9a-4f2f-ade0-fb4b969cd6ff" />
      <TestMethod codeBase="C:/Users/t-sumita/Desktop/testEnv/SI/release/UIAutomation.DLL" adapterTypeName="Microsoft.VisualStudio.TestTools.TestTypes.Unit.UnitTestAdapter, Microsoft.VisualStudio.QualityTools.Tips.UnitTest.Adapter, Version=11.0.0.0, Culture=neutral, PublicKeyToken=b03f5f7f11d50a3a" className="UIAutomation.CreateWin8AdUnitUsr, UIAutomation, Version=11.4.4183.0, Culture=neutral, PublicKeyToken=null" name="CreateWin8AdUnitUsrTest" />
    </UnitTest>
  </TestDefinitions>
  <TestLists>
    <TestList name="Results Not in a List" id="8c84fa94-04c1-424b-9868-57a2d4851a1d" />
    <TestList name="All Loaded Results" id="19431567-8539-422a-85d7-44ee4e166bda" />
  </TestLists>
  <TestEntries>
    <TestEntry testId="a70cfa2b-8d6d-6b7c-9f43-762f654c45eb" executionId="9760aa97-99ba-4920-99d6-503b0f2168d4" testListId="8c84fa94-04c1-424b-9868-57a2d4851a1d" />
    <TestEntry testId="5fda8c87-0e24-9a28-8c1e-bae1401d1897" executionId="80b06244-2c90-4052-81fa-12353b549264" testListId="8c84fa94-04c1-424b-9868-57a2d4851a1d" />
    <TestEntry testId="aec56dca-f03b-5822-aaaf-13c76c89e694" executionId="30c1c511-38ae-4ce0-9b98-97a9431cab4c" testListId="8c84fa94-04c1-424b-9868-57a2d4851a1d" />
    <TestEntry testId="05247693-d645-ce2e-4d44-939a80dae5bb" executionId="5acaddd9-2129-4a20-9e05-ff0d13375d12" testListId="8c84fa94-04c1-424b-9868-57a2d4851a1d" />
    <TestEntry testId="c2c91595-81fa-cf41-4435-6ad3755bd251" executionId="0b66f6ee-bb9a-4f2f-ade0-fb4b969cd6ff" testListId="8c84fa94-04c1-424b-9868-57a2d4851a1d" />
    <TestEntry testId="262d4131-5831-0d45-af41-7f4e01104181" executionId="0e27eff1-4c91-4d22-bcb9-e275995b0447" testListId="8c84fa94-04c1-424b-9868-57a2d4851a1d" />
  </TestEntries>
  <Results>
    <UnitTestResult executionId="9760aa97-99ba-4920-99d6-503b0f2168d4" testId="a70cfa2b-8d6d-6b7c-9f43-762f654c45eb" testName="VerifyCountryandStateOrProviencesTest" computerName="MININT-DQ57N74" duration="00:00:48.7451686" startTime="2013-06-04T12:31:00.1041038+05:30" endTime="2013-06-04T12:31:52.1079788+05:30" testType="13cdc9d9-ddb5-4fa4-a97d-d965ccfc6d4b" outcome="Passed" testListId="8c84fa94-04c1-424b-9868-57a2d4851a1d" relativeResultsDirectory="9760aa97-99ba-4920-99d6-503b0f2168d4">
      <Output>
        <DebugTrace>StartOperation StartStartOperation EndStartOperation StartStartOperation EndEndOperation StartEndOperation EndStartOperation StartStartOperation EndEndOperation StartEndOperation EndStartOperation StartStartOperation EndStartOperation StartStartOperation EndEndOperation StartEndOperation EndStartOperation StartStartOperation EndEndOperation StartEndOperation EndStartOperation StartStartOperation EndEndOperation StartEndOperation EndStartOperation StartStartOperation EndEndOperation StartEndOperation EndStartOperation StartStartOperation EndEndOperation StartEndOperation EndStartOperation StartStartOperation EndEndOperation StartEndOperation EndEndOperation StartEndOperation EndStartOperation StartStartOperation EndEndOperation-Exception StartMicrosoft.VisualStudio.TestTools.UnitTesting.AssertFailedException: Assert.Fail failed. timeout for finding requested element: NavItem_ToolManagement
   at Microsoft.VisualStudio.TestTools.UnitTesting.Assert.HandleFail(String assertionName, String message, Object[] parameters)
   at Microsoft.VisualStudio.TestTools.UnitTesting.Assert.Fail(String message, Object[] parameters)
   at UIAutomation.SeleniumUtils.WaitForElement(String ElementID, Int32 timeout, SeleniumElementSelection elementSelection, Boolean doAssert) in c:\PC\App\Main\Application\Test\PubCenterTIP\UIAutomation\SeleniumUtils.cs:line 266EndOperation-Exception EndEndOperation StartEndOperation EndEndOperation-Exception StartMicrosoft.VisualStudio.TestTools.UnitTesting.AssertFailedException: Assert.Fail failed. timeout for finding requested element: NavItem_ToolManagement
   at Microsoft.VisualStudio.TestTools.UnitTesting.Assert.HandleFail(String assertionName, String message, Object[] parameters)
   at Microsoft.VisualStudio.TestTools.UnitTesting.Assert.Fail(String message, Object[] parameters)
   at UIAutomation.SeleniumUtils.WaitForElement(String ElementID, Int32 timeout, SeleniumElementSelection elementSelection, Boolean doAssert) in c:\PC\App\Main\Application\Test\PubCenterTIP\UIAutomation\SeleniumUtils.cs:line 286
   at UIAutomation.CreatePublisherTestOperations.VerifyCountryandStateOrProviencesTest() in c:\PC\App\Main\Application\Test\PubCenterTIP\UIAutomation\CreatePublisherTestOperations.cs:line 122EndOperation-Exception EndEndOperation StartEndOperation EndStartOperation StartStartOperation EndStartOperation StartStartOperation EndEndOperation StartEndOperation EndStartOperation StartStartOperation EndEndOperation StartEndOperation EndEndOperation StartEndOperation End</DebugTrace>
      </Output>
    </UnitTestResult>
    <UnitTestResult executionId="80b06244-2c90-4052-81fa-12353b549264" testId="5fda8c87-0e24-9a28-8c1e-bae1401d1897" testName="VerifyCreatePublisherTest" computerName="MININT-DQ57N74" duration="00:00:44.5830609" startTime="2013-06-04T12:31:52.1109795+05:30" endTime="2013-06-04T12:32:36.6976983+05:30" testType="13cdc9d9-ddb5-4fa4-a97d-d965ccfc6d4b" outcome="Passed" testListId="8c84fa94-04c1-424b-9868-57a2d4851a1d" relativeResultsDirectory="80b06244-2c90-4052-81fa-12353b549264">
      <Output>
        <DebugTrace>StartOperation StartStartOperation EndStartOperation StartStartOperation EndEndOperation StartEndOperation EndStartOperation StartStartOperation EndEndOperation StartEndOperation EndStartOperation StartStartOperation EndStartOperation StartStartOperation EndEndOperation StartEndOperation EndStartOperation StartStartOperation EndEndOperation StartEndOperation EndStartOperation StartStartOperation EndEndOperation StartEndOperation EndStartOperation StartStartOperation EndEndOperation StartEndOperation EndStartOperation StartStartOperation EndEndOperation StartEndOperation EndStartOperation StartStartOperation EndEndOperation StartEndOperation EndEndOperation StartEndOperation EndStartOperation StartStartOperation EndEndOperation-Exception StartMicrosoft.VisualStudio.TestTools.UnitTesting.AssertFailedException: Assert.Fail failed. timeout for finding requested element: NavItem_ToolManagement
   at Microsoft.VisualStudio.TestTools.UnitTesting.Assert.HandleFail(String assertionName, String message, Object[] parameters)
   at Microsoft.VisualStudio.TestTools.UnitTesting.Assert.Fail(String message, Object[] parameters)
   at UIAutomation.SeleniumUtils.WaitForElement(String ElementID, Int32 timeout, SeleniumElementSelection elementSelection, Boolean doAssert) in c:\PC\App\Main\Application\Test\PubCenterTIP\UIAutomation\SeleniumUtils.cs:line 266EndOperation-Exception EndEndOperation StartEndOperation EndEndOperation-Exception StartMicrosoft.VisualStudio.TestTools.UnitTesting.AssertFailedException: Assert.Fail failed. timeout for finding requested element: NavItem_ToolManagement
   at Microsoft.VisualStudio.TestTools.UnitTesting.Assert.HandleFail(String assertionName, String message, Object[] parameters)
   at Microsoft.VisualStudio.TestTools.UnitTesting.Assert.Fail(String message, Object[] parameters)
   at UIAutomation.SeleniumUtils.WaitForElement(String ElementID, Int32 timeout, SeleniumElementSelection elementSelection, Boolean doAssert) in c:\PC\App\Main\Application\Test\PubCenterTIP\UIAutomation\SeleniumUtils.cs:line 286
   at UIAutomation.CreatePublisherTestOperations.VerifyCreatePublisherTest() in c:\PC\App\Main\Application\Test\PubCenterTIP\UIAutomation\CreatePublisherTestOperations.cs:line 51EndOperation-Exception EndEndOperation StartEndOperation EndStartOperation StartStartOperation EndStartOperation StartStartOperation EndEndOperation StartEndOperation EndStartOperation StartStartOperation EndEndOperation StartEndOperation EndEndOperation StartEndOperation End</DebugTrace>
      </Output>
    </UnitTestResult>
    <UnitTestResult executionId="30c1c511-38ae-4ce0-9b98-97a9431cab4c" testId="aec56dca-f03b-5822-aaaf-13c76c89e694" testName="VerifyProductToAllowedMarketMapping" computerName="MININT-DQ57N74" duration="00:00:33.1135041" startTime="2013-06-04T12:32:36.6997033+05:30" endTime="2013-06-04T12:33:09.8163493+05:30" testType="13cdc9d9-ddb5-4fa4-a97d-d965ccfc6d4b" outcome="Passed" testListId="8c84fa94-04c1-424b-9868-57a2d4851a1d" relativeResultsDirectory="30c1c511-38ae-4ce0-9b98-97a9431cab4c">
      <Output>
        <DebugTrace>StartOperation StartStartOperation EndStartOperation StartStartOperation EndEndOperation StartEndOperation EndStartOperation StartStartOperation EndEndOperation StartEndOperation EndStartOperation StartStartOperation EndStartOperation StartStartOperation EndEndOperation StartEndOperation EndStartOperation StartStartOperation EndEndOperation StartEndOperation EndStartOperation StartStartOperation EndEndOperation StartEndOperation EndStartOperation StartStartOperation EndEndOperation StartEndOperation EndStartOperation StartStartOperation EndEndOperation StartEndOperation EndStartOperation StartStartOperation EndEndOperation StartEndOperation EndEndOperation StartEndOperation EndStartOperation StartStartOperation EndEndOperation StartEndOperation EndStartOperation StartStartOperation EndEndOperation StartEndOperation EndStartOperation StartStartOperation EndEndOperation StartEndOperation EndStartOperation StartStartOperation EndEndOperation StartEndOperation EndStartOperation StartStartOperation EndEndOperation StartEndOperation EndStartOperation StartStartOperation EndEndOperation StartEndOperation EndStartOperation StartStartOperation EndEndOperation StartEndOperation EndStartOperation StartStartOperation EndEndOperation StartEndOperation EndStartOperation StartStartOperation EndEndOperation StartEndOperation EndStartOperation StartStartOperation EndEndOperation StartEndOperation EndStartOperation StartStartOperation EndEndOperation StartEndOperation EndStartOperation StartStartOperation EndEndOperation StartEndOperation EndStartOperation StartStartOperation EndStartOperation StartStartOperation EndEndOperation StartEndOperation EndStartOperation StartStartOperation EndEndOperation StartEndOperation EndStartOperation StartStartOperation EndEndOperation StartEndOperation EndStartOperation StartStartOperation EndEndOperation StartEndOperation EndStartOperation StartStartOperation EndEndOperation StartEndOperation EndStartOperation StartStartOperation EndEndOperation StartEndOperation EndStartOperation StartStartOperation EndEndOperation StartEndOperation EndStartOperation StartStartOperation EndEndOperation StartEndOperation EndStartOperation StartStartOperation EndEndOperation StartEndOperation EndStartOperation StartStartOperation EndEndOperation StartEndOperation EndStartOperation StartStartOperation EndEndOperation StartEndOperation EndStartOperation StartStartOperation EndEndOperation StartEndOperation EndStartOperation StartStartOperation EndEndOperation StartEndOperation EndStartOperation StartStartOperation EndEndOperation StartEndOperation EndStartOperation StartStartOperation EndEndOperation StartEndOperation EndStartOperation StartStartOperation EndEndOperation StartEndOperation EndStartOperation StartStartOperation EndEndOperation StartEndOperation EndStartOperation StartStartOperation EndEndOperation StartEndOperation EndStartOperation StartStartOperation EndEndOperation StartEndOperation EndStartOperation StartStartOperation EndEndOperation StartEndOperation EndStartOperation StartStartOperation EndEndOperation StartEndOperation EndStartOperation StartStartOperation EndEndOperation StartEndOperation EndEndOperation StartEndOperation EndStartOperation StartStartOperation EndStartOperation StartStartOperation EndEndOperation StartEndOperation EndStartOperation StartStartOperation EndEndOperation StartEndOperation EndStartOperation StartStartOperation EndEndOperation StartEndOperation EndStartOperation StartStartOperation EndEndOperation StartEndOperation EndStartOperation StartStartOperation EndEndOperation StartEndOperation EndStartOperation StartStartOperation EndEndOperation StartEndOperation EndStartOperation StartStartOperation EndEndOperation StartEndOperation EndStartOperation StartStartOperation EndEndOperation StartEndOperation EndStartOperation StartStartOperation EndEndOperation StartEndOperation EndStartOperation StartStartOperation EndEndOperation StartEndOperation EndStartOperation StartStartOperation EndEndOperation StartEndOperation EndStartOperation StartStartOperation EndEndOperation StartEndOperation EndStartOperation StartStartOperation EndEndOperation StartEndOperation EndStartOperation StartStartOperation EndEndOperation StartEndOperation EndStartOperation StartStartOperation EndEndOperation StartEndOperation EndStartOperation StartStartOperation EndEndOperation StartEndOperation EndStartOperation StartStartOperation EndEndOperation StartEndOperation EndStartOperation StartStartOperation EndEndOperation StartEndOperation EndStartOperation StartStartOperation EndEndOperation StartEndOperation EndStartOperation StartStartOperation EndEndOperation StartEndOperation EndStartOperation StartStartOperation EndEndOperation StartEndOperation EndStartOperation StartStartOperation EndEndOperation StartEndOperation EndEndOperation StartEndOperation EndStartOperation StartStartOperation EndStartOperation StartStartOperation EndEndOperation StartEndOperation EndStartOperation StartStartOperation EndEndOperation StartEndOperation EndStartOperation StartStartOperation EndEndOperation StartEndOperation EndStartOperation StartStartOperation EndEndOperation StartEndOperation EndStartOperation StartStartOperation EndEndOperation StartEndOperation EndStartOperation StartStartOperation EndEndOperation StartEndOperation EndStartOperation StartStartOperation EndEndOperation StartEndOperation EndStartOperation StartStartOperation EndEndOperation StartEndOperation EndStartOperation StartStartOperation EndEndOperation StartEndOperation EndStartOperation StartStartOperation EndEndOperation StartEndOperation EndStartOperation StartStartOperation EndEndOperation StartEndOperation EndStartOperation StartStartOperation EndEndOperation StartEndOperation EndStartOperation StartStartOperation EndEndOperation StartEndOperation EndStartOperation StartStartOperation EndEndOperation StartEndOperation EndStartOperation StartStartOperation EndEndOperation StartEndOperation EndStartOperation StartStartOperation EndEndOperation StartEndOperation EndStartOperation StartStartOperation EndEndOperation StartEndOperation EndStartOperation StartStartOperation EndEndOperation StartEndOperation EndStartOperation StartStartOperation EndEndOperation StartEndOperation EndStartOperation StartStartOperation EndEndOperation StartEndOperation EndStartOperation StartStartOperation EndEndOperation StartEndOperation EndStartOperation StartStartOperation EndEndOperation StartEndOperation EndEndOperation StartEndOperation EndStartOperation StartStartOperation EndEndOperation StartEndOperation EndStartOperation StartStartOperation EndEndOperation StartEndOperation EndStartOperation StartStartOperation EndEndOperation StartEndOperation EndStartOperation StartStartOperation EndEndOperation StartEndOperation EndEndOperation StartEndOperation EndStartOperation StartStartOperation EndStartOperation StartStartOperation EndEndOperation StartEndOperation EndStartOperation StartStartOperation EndEndOperation StartEndOperation EndEndOperation StartEndOperation End</DebugTrace>
      </Output>
    </UnitTestResult>
    <UnitTestResult executionId="5acaddd9-2129-4a20-9e05-ff0d13375d12" testId="05247693-d645-ce2e-4d44-939a80dae5bb" testName="CreateWin8AdunitTest" computerName="MININT-DQ57N74" duration="00:01:10.8641536" startTime="2013-06-04T12:33:09.8183425+05:30" endTime="2013-06-04T12:34:20.6875294+05:30" testType="13cdc9d9-ddb5-4fa4-a97d-d965ccfc6d4b" outcome="Passed" testListId="8c84fa94-04c1-424b-9868-57a2d4851a1d" relativeResultsDirectory="5acaddd9-2129-4a20-9e05-ff0d13375d12">
      <Output>
        <DebugTrace>StartOperation StartStartOperation EndStartOperation StartStartOperation EndEndOperation StartEndOperation EndStartOperation StartStartOperation EndEndOperation StartEndOperation EndStartOperation StartStartOperation EndStartOperation StartStartOperation EndEndOperation StartEndOperation EndStartOperation StartStartOperation EndEndOperation StartEndOperation EndStartOperation StartStartOperation EndEndOperation StartEndOperation EndStartOperation StartStartOperation EndEndOperation StartEndOperation EndStartOperation StartStartOperation EndEndOperation StartEndOperation EndStartOperation StartStartOperation EndEndOperation StartEndOperation EndEndOperation StartEndOperation EndStartOperation StartStartOperation EndEndOperation StartEndOperation EndStartOperation StartStartOperation EndEndOperation StartEndOperation EndStartOperation StartStartOperation EndEndOperation StartEndOperation EndStartOperation StartStartOperation EndEndOperation StartEndOperation EndStartOperation StartStartOperation EndEndOperation StartEndOperation EndStartOperation StartStartOperation EndEndOperation StartEndOperation EndStartOperation StartStartOperation EndEndOperation StartEndOperation EndStartOperation StartStartOperation EndEndOperation StartEndOperation EndStartOperation StartStartOperation EndEndOperation StartEndOperation EndStartOperation StartStartOperation EndEndOperation StartEndOperation EndStartOperation StartStartOperation EndEndOperation StartEndOperation EndStartOperation StartStartOperation EndEndOperation StartEndOperation EndStartOperation StartStartOperation EndEndOperation StartEndOperation EndStartOperation StartStartOperation EndEndOperation StartEndOperation EndStartOperation StartStartOperation EndEndOperation StartEndOperation EndStartOperation StartStartOperation EndEndOperation StartEndOperation EndStartOperation StartStartOperation EndEndOperation StartEndOperation EndStartOperation StartStartOperation EndEndOperation StartEndOperation EndStartOperation StartStartOperation EndEndOperation StartEndOperation EndStartOperation StartStartOperation EndEndOperation StartEndOperation EndStartOperation StartStartOperation EndEndOperation StartEndOperation EndEndOperation StartEndOperation EndStartOperation StartStartOperation EndStartOperation StartStartOperation EndEndOperation StartEndOperation EndStartOperation StartStartOperation EndEndOperation StartEndOperation EndEndOperation StartEndOperation End</DebugTrace>
      </Output>
    </UnitTestResult>
    <UnitTestResult executionId="0b66f6ee-bb9a-4f2f-ade0-fb4b969cd6ff" testId="c2c91595-81fa-cf41-4435-6ad3755bd251" testName="CreateWin8AdUnitUsrTest" computerName="MININT-DQ57N74" duration="00:30:00.1659129" startTime="2013-06-04T12:34:20.6905770+05:30" endTime="2013-06-04T13:04:20.8564899+05:30" testType="13cdc9d9-ddb5-4fa4-a97d-d965ccfc6d4b" outcome="Timeout" testListId="8c84fa94-04c1-424b-9868-57a2d4851a1d" relativeResultsDirectory="0b66f6ee-bb9a-4f2f-ade0-fb4b969cd6ff">
      <Output>
        <DebugTrace>StartOperation StartStartOperation EndStartOperation StartStartOperation EndEndOperation StartEndOperation EndStartOperation StartStartOperation EndStartOperation StartStartOperation EndEndOperation StartEndOperation EndStartOperation StartStartOperation EndEndOperation StartEndOperation EndStartOperation StartStartOperation EndStartOperation StartStartOperation EndEndOperation StartEndOperation EndStartOperation StartStartOperation EndEndOperation StartEndOperation EndStartOperation StartStartOperation EndEndOperation StartEndOperation EndStartOperation StartStartOperation EndEndOperation StartEndOperation EndStartOperation StartStartOperation EndEndOperation StartEndOperation EndStartOperation StartStartOperation EndEndOperation-Exception StartMicrosoft.VisualStudio.TestTools.UnitTesting.AssertFailedException: Assert.Fail failed. Operation :: OperationID: Click. ElementID: idSIButton9. Parameter: ById Failed
   at Microsoft.VisualStudio.TestTools.UnitTesting.Assert.HandleFail(String assertionName, String message, Object[] parameters)
   at Microsoft.VisualStudio.TestTools.UnitTesting.Assert.Fail(String message, Object[] parameters)
   at UIAutomation.SeleniumUtils.SeleniumOperation(SeleniumOperation Operation, String ElementID, String Operand, Boolean doAssert) in c:\PC\App\Main\Application\Test\PubCenterTIP\UIAutomation\SeleniumUtils.cs:line 134EndOperation-Exception EndEndOperation StartEndOperation EndEndOperation-Exception StartMicrosoft.VisualStudio.TestTools.UnitTesting.AssertFailedException: Assert.Fail failed. Operation :: OperationID: Click. ElementID: idSIButton9. Parameter: ById Failed
   at Microsoft.VisualStudio.TestTools.UnitTesting.Assert.HandleFail(String assertionName, String message, Object[] parameters)
   at Microsoft.VisualStudio.TestTools.UnitTesting.Assert.Fail(String message, Object[] parameters)
   at UIAutomation.SeleniumUtils.SeleniumOperation(SeleniumOperation Operation, String ElementID, String Operand, Boolean doAssert) in c:\PC\App\Main\Application\Test\PubCenterTIP\UIAutomation\SeleniumUtils.cs:line 142
   at UIAutomation.UIAutomationHelper.LoginLive(PubCenterUserExt usrExt) in c:\PC\App\Main\Application\Test\PubCenterTIP\UIAutomation\UIAutomationHelper.cs:line 113EndOperation-Exception EndEndOperation-Exception StartMicrosoft.VisualStudio.TestTools.UnitTesting.AssertFailedException: Assert.Fail failed. Operation :: OperationID: Click. ElementID: idSIButton9. Parameter: ById Failed
   at Microsoft.VisualStudio.TestTools.UnitTesting.Assert.HandleFail(String assertionName, String message, Object[] parameters)
   at Microsoft.VisualStudio.TestTools.UnitTesting.Assert.Fail(String message, Object[] parameters)
   at UIAutomation.SeleniumUtils.SeleniumOperation(SeleniumOperation Operation, String ElementID, String Operand, Boolean doAssert) in c:\PC\App\Main\Application\Test\PubCenterTIP\UIAutomation\SeleniumUtils.cs:line 142
   at UIAutomation.UIAutomationHelper.LoginLive(PubCenterUserExt usrExt) in c:\PC\App\Main\Application\Test\PubCenterTIP\UIAutomation\UIAutomationHelper.cs:line 118
   at UIAutomation.UIAutomationHelper.LoginExt(PubCenterUserExt usrExt) in c:\PC\App\Main\Application\Test\PubCenterTIP\UIAutomation\UIAutomationHelper.cs:line 93EndOperation-Exception EndEndOperation-Exception StartMicrosoft.VisualStudio.TestTools.UnitTesting.AssertFailedException: Assert.Fail failed. Operation :: OperationID: Click. ElementID: idSIButton9. Parameter: ById Failed
   at Microsoft.VisualStudio.TestTools.UnitTesting.Assert.HandleFail(String assertionName, String message, Object[] parameters)
   at Microsoft.VisualStudio.TestTools.UnitTesting.Assert.Fail(String message, Object[] parameters)
   at UIAutomation.SeleniumUtils.SeleniumOperation(SeleniumOperation Operation, String ElementID, String Operand, Boolean doAssert) in c:\PC\App\Main\Application\Test\PubCenterTIP\UIAutomation\SeleniumUtils.cs:line 142
   at UIAutomation.UIAutomationHelper.LoginLive(PubCenterUserExt usrExt) in c:\PC\App\Main\Application\Test\PubCenterTIP\UIAutomation\UIAutomationHelper.cs:line 118
   at UIAutomation.UIAutomationHelper.LoginExt(PubCenterUserExt usrExt) in c:\PC\App\Main\Application\Test\PubCenterTIP\UIAutomation\UIAutomationHelper.cs:line 98
   at UIAutomation.CreateWin8AdUnitUsr.CreateWin8AdUnitUsrTest() in c:\PC\App\Main\Application\Test\PubCenterTIP\UIAutomation\Create-Win8AdUnitUsr.cs:line 64EndOperation-Exception EndEndOperation StartEndOperation EndStartOperation StartStartOperation EndStartOperation StartStartOperation EndEndOperation StartEndOperation EndStartOperation StartStartOperation End</DebugTrace>
        <ErrorInfo>
          <Message>Test 'CreateWin8AdUnitUsrTest' exceeded execution timeout period.</Message>
        </ErrorInfo>
      </Output>
    </UnitTestResult>
    <UnitTestResult executionId="0e27eff1-4c91-4d22-bcb9-e275995b0447" testId="262d4131-5831-0d45-af41-7f4e01104181" testName="CreateWinMobAdUnitTest" computerName="MININT-DQ57N74" duration="00:00:17.8966367" startTime="2013-06-04T13:04:26.8624982+05:30" endTime="2013-06-04T13:04:44.7626446+05:30" testType="13cdc9d9-ddb5-4fa4-a97d-d965ccfc6d4b" outcome="Failed" testListId="8c84fa94-04c1-424b-9868-57a2d4851a1d" relativeResultsDirectory="0e27eff1-4c91-4d22-bcb9-e275995b0447">
      <Output>
        <DebugTrace>StartOperation StartStartOperation EndStartOperation StartStartOperation EndEndOperation StartEndOperation EndStartOperation StartStartOperation EndStartOperation StartStartOperation EndEndOperation StartEndOperation EndStartOperation StartStartOperation EndEndOperation StartEndOperation EndStartOperation StartStartOperation EndStartOperation StartStartOperation EndEndOperation StartEndOperation EndStartOperation StartStartOperation EndEndOperation-Exception StartMicrosoft.VisualStudio.TestTools.UnitTesting.AssertFailedException: Assert.Fail failed. Operation :: OperationID: ClearText. ElementID: i0116. Parameter:  Failed
   at Microsoft.VisualStudio.TestTools.UnitTesting.Assert.HandleFail(String assertionName, String message, Object[] parameters)
   at Microsoft.VisualStudio.TestTools.UnitTesting.Assert.Fail(String message, Object[] parameters)
   at UIAutomation.SeleniumUtils.SeleniumOperation(SeleniumOperation Operation, String ElementID, String Operand, Boolean doAssert) in c:\PC\App\Main\Application\Test\PubCenterTIP\UIAutomation\SeleniumUtils.cs:line 134EndOperation-Exception EndEndOperation StartEndOperation EndEndOperation-Exception StartMicrosoft.VisualStudio.TestTools.UnitTesting.AssertFailedException: Assert.Fail failed. Operation :: OperationID: ClearText. ElementID: i0116. Parameter:  Failed
   at Microsoft.VisualStudio.TestTools.UnitTesting.Assert.HandleFail(String assertionName, String message, Object[] parameters)
   at Microsoft.VisualStudio.TestTools.UnitTesting.Assert.Fail(String message, Object[] parameters)
   at UIAutomation.SeleniumUtils.SeleniumOperation(SeleniumOperation Operation, String ElementID, String Operand, Boolean doAssert) in c:\PC\App\Main\Application\Test\PubCenterTIP\UIAutomation\SeleniumUtils.cs:line 142
   at UIAutomation.UIAutomationHelper.LoginLive(PubCenterUserExt usrExt) in c:\PC\App\Main\Application\Test\PubCenterTIP\UIAutomation\UIAutomationHelper.cs:line 109EndOperation-Exception EndEndOperation-Exception StartMicrosoft.VisualStudio.TestTools.UnitTesting.AssertFailedException: Assert.Fail failed. Operation :: OperationID: ClearText. ElementID: i0116. Parameter:  Failed
   at Microsoft.VisualStudio.TestTools.UnitTesting.Assert.HandleFail(String assertionName, String message, Object[] parameters)
   at Microsoft.VisualStudio.TestTools.UnitTesting.Assert.Fail(String message, Object[] parameters)
   at UIAutomation.SeleniumUtils.SeleniumOperation(SeleniumOperation Operation, String ElementID, String Operand, Boolean doAssert) in c:\PC\App\Main\Application\Test\PubCenterTIP\UIAutomation\SeleniumUtils.cs:line 142
   at UIAutomation.UIAutomationHelper.LoginLive(PubCenterUserExt usrExt) in c:\PC\App\Main\Application\Test\PubCenterTIP\UIAutomation\UIAutomationHelper.cs:line 118
   at UIAutomation.UIAutomationHelper.LoginExt(PubCenterUserExt usrExt) in c:\PC\App\Main\Application\Test\PubCenterTIP\UIAutomation\UIAutomationHelper.cs:line 93EndOperation-Exception EndEndOperation-Exception StartMicrosoft.VisualStudio.TestTools.UnitTesting.AssertFailedException: Assert.Fail failed. Operation :: OperationID: ClearText. ElementID: i0116. Parameter:  Failed
   at Microsoft.VisualStudio.TestTools.UnitTesting.Assert.HandleFail(String assertionName, String message, Object[] parameters)
   at Microsoft.VisualStudio.TestTools.UnitTesting.Assert.Fail(String message, Object[] parameters)
   at UIAutomation.SeleniumUtils.SeleniumOperation(SeleniumOperation Operation, String ElementID, String Operand, Boolean doAssert) in c:\PC\App\Main\Application\Test\PubCenterTIP\UIAutomation\SeleniumUtils.cs:line 142
   at UIAutomation.UIAutomationHelper.LoginLive(PubCenterUserExt usrExt) in c:\PC\App\Main\Application\Test\PubCenterTIP\UIAutomation\UIAutomationHelper.cs:line 118
   at UIAutomation.UIAutomationHelper.LoginExt(PubCenterUserExt usrExt) in c:\PC\App\Main\Application\Test\PubCenterTIP\UIAutomation\UIAutomationHelper.cs:line 98
   at UIAutomation.CreateWinMobAdUnit.CreateWinMobAdUnitTest() in c:\PC\App\Main\Application\Test\PubCenterTIP\UIAutomation\Create-WinMobAdUnit.cs:line 66EndOperation-Exception EndEndOperation StartEndOperation EndStartOperation StartStartOperation EndStartOperation StartStartOperation EndEndOperation StartEndOperation EndEndOperation StartEndOperation EndEndOperation StartEndOperation EndStartOperation StartStartOperation EndEndOperation-Exception StartSystem.InvalidOperationException: Token StartElement in state EndRootElement would result in an invalid XML document. Make sure that the ConformanceLevel setting is set to ConformanceLevel.Fragment or ConformanceLevel.Auto if you want to write an XML fragment. 
   at System.Xml.XmlWellFormedWriter.ThrowInvalidStateTransition(Token token, State currentState)
   at System.Xml.XmlWellFormedWriter.AdvanceState(Token token)
   at System.Xml.XmlWellFormedWriter.WriteStartElement(String prefix, String localName, String ns)
   at Microsoft.Advertising.Display.CommonTestFramework.TestLogger.TestLoggerWriteStartElement(String text) in c:\PC\App\Main\Application\Test\PubCenterTIP\CommonTestFramework\TestLogger.cs:line 96
   at Microsoft.Advertising.Display.CommonTestFramework.TestOperationsBase.StartOperation(Object[] loggedParameters) in c:\PC\App\Main\Application\Test\PubCenterTIP\CommonTestFramework\TestOperationsBase.cs:line 109
   at UIAutomation.SeleniumUtils.WaitForElement(String ElementID, Int32 timeout, SeleniumElementSelection elementSelection, Boolean doAssert) in c:\PC\App\Main\Application\Test\PubCenterTIP\UIAutomation\SeleniumUtils.cs:line 234
   at UIAutomation.UIAutomationHelper.Logoff(Boolean doAssert) in c:\PC\App\Main\Application\Test\PubCenterTIP\UIAutomation\UIAutomationHelper.cs:line 130EndOperation-Exception End</DebugTrace>
        <ErrorInfo>
          <Message>Assert.Fail failed. Operation :: OperationID: ClearText. ElementID: i0116. Parameter:  Failed
TestCleanup method UIAutomation.CreateWinMobAdUnit.TeardownTest threw exception. System.InvalidOperationException: System.InvalidOperationException: Token StartElement in state EndRootElement would result in an invalid XML document. Make sure that the ConformanceLevel setting is set to ConformanceLevel.Fragment or ConformanceLevel.Auto if you want to write an XML fragment. .</Message>
          <StackTrace>   at UIAutomation.SeleniumUtils.SeleniumOperation(SeleniumOperation Operation, String ElementID, String Operand, Boolean doAssert) in c:\PC\App\Main\Application\Test\PubCenterTIP\UIAutomation\SeleniumUtils.cs:line 142
   at UIAutomation.UIAutomationHelper.LoginLive(PubCenterUserExt usrExt) in c:\PC\App\Main\Application\Test\PubCenterTIP\UIAutomation\UIAutomationHelper.cs:line 118
   at UIAutomation.UIAutomationHelper.LoginExt(PubCenterUserExt usrExt) in c:\PC\App\Main\Application\Test\PubCenterTIP\UIAutomation\UIAutomationHelper.cs:line 98
   at UIAutomation.CreateWinMobAdUnit.CreateWinMobAdUnitTest() in c:\PC\App\Main\Application\Test\PubCenterTIP\UIAutomation\Create-WinMobAdUnit.cs:line 124

TestCleanup Stack Trace
    at System.Xml.XmlWellFormedWriter.ThrowInvalidStateTransition(Token token, State currentState)
   at System.Xml.XmlWellFormedWriter.AdvanceState(Token token)
   at System.Xml.XmlWellFormedWriter.WriteStartElement(String prefix, String localName, String ns)
   at Microsoft.Advertising.Display.CommonTestFramework.TestLogger.TestLoggerWriteStartElement(String text) in c:\PC\App\Main\Application\Test\PubCenterTIP\CommonTestFramework\TestLogger.cs:line 96
   at Microsoft.Advertising.Display.CommonTestFramework.TestOperationsBase.StartOperation(Object[] loggedParameters) in c:\PC\App\Main\Application\Test\PubCenterTIP\CommonTestFramework\TestOperationsBase.cs:line 109
   at UIAutomation.SeleniumUtils.WaitForElement(String ElementID, Int32 timeout, SeleniumElementSelection elementSelection, Boolean doAssert) in c:\PC\App\Main\Application\Test\PubCenterTIP\UIAutomation\SeleniumUtils.cs:line 234
   at UIAutomation.UIAutomationHelper.Logoff(Boolean doAssert) in c:\PC\App\Main\Application\Test\PubCenterTIP\UIAutomation\UIAutomationHelper.cs:line 136
   at UIAutomation.UIAutomationHelper.TestDeInit() in c:\PC\App\Main\Application\Test\PubCenterTIP\UIAutomation\UIAutomationHelper.cs:line 152
   at UIAutomation.CreateWinMobAdUnit.TeardownTest() in c:\PC\App\Main\Application\Test\PubCenterTIP\UIAutomation\Create-WinMobAdUnit.cs:line 41
</StackTrace>
        </ErrorInfo>
      </Output>
    </UnitTestResult>
  </Results>
</TestRun>